Mplus VERSION 7.3 (Linux)
MUTHEN & MUTHEN
01/13/2024   4:28 AM

INPUT INSTRUCTIONS

  TITLE:
     [This syntax is autogenerated by lavExport]
  DATA:
    file is lout.mplus.raw;
    type is individual;
    listwise = on;
  VARIABLE:
    names are
       x1 x2 x3 x4 x5 y1
       y2 y3 y4 y5;
    missing are all (-999999);
  ANALYSIS:
    type = general;
    estimator = ML;
    information = observed;
    model = nocovariances;
  MODEL:
    ! this model syntax is autogenerated by lavExport
    lx1 BY x1@1 (p1);
    lx2 BY x2@1 (p2);
    lx3 BY x3@1 (p3);
    lx4 BY x4@1 (p4);
    lx5 BY x5@1 (p5);
    x1@0 (p6);
    x2@0 (p7);
    x3@0 (p8);
    x4@0 (p9);
    x5@0 (p10);
    lx1@0 (p11);
    lx2@0 (p12);
    lx3@0 (p13);
    lx4@0 (p14);
    lx5@0 (p15);
    ly1 BY y1@1 (p16);
    ly2 BY y2@1 (p17);
    ly3 BY y3@1 (p18);
    ly4 BY y4@1 (p19);
    ly5 BY y5@1 (p20);
    y1@0 (p21);
    y2@0 (p22);
    y3@0 (p23);
    y4@0 (p24);
    y5@0 (p25);
    ly1@0 (p26);
    ly2@0 (p27);
    ly3@0 (p28);
    ly4@0 (p29);
    ly5@0 (p30);
    ri_x BY lx1@1 (p31);
    ri_x BY lx2@1 (p32);
    ri_x BY lx3@1 (p33);
    ri_x BY lx4@1 (p34);
    ri_x BY lx5@1 (p35);
    ri_x* (x_t_var);
    ri_y BY ly1@1 (p37);
    ri_y BY ly2@1 (p38);
    ri_y BY ly3@1 (p39);
    ri_y BY ly4@1 (p40);
    ri_y BY ly5@1 (p41);
    ri_y* (y_t_var);
    sx1 BY lx1@1 (p43);
    sx2 BY lx2@1 (p44);
    sx3 BY lx3@1 (p45);
    sx4 BY lx4@1 (p46);
    sx5 BY lx5@1 (p47);
    sx1* (sx);
    sx2* (sx);
    sx3* (sx);
    sx4* (sx);
    sx5* (sx);
    sy1 BY ly1@1 (p53);
    sy2 BY ly2@1 (p54);
    sy3 BY ly3@1 (p55);
    sy4 BY ly4@1 (p56);
    sy5 BY ly5@1 (p57);
    sy1* (sy);
    sy2* (sy);
    sy3* (sy);
    sy4* (sy);
    sy5* (sy);
    arx1 BY lx1@1 (p63);
    arx2 BY lx2@1 (p64);
    arx3 BY lx3@1 (p65);
    arx4 BY lx4@1 (p66);
    arx5 BY lx5@1 (p67);
    arx2 ON arx1* (a);
    arx3 ON arx2* (a);
    arx4 ON arx3* (a);
    arx5 ON arx4* (a);
    arx1* (arvx);
    arx2* (arv2x);
    arx3* (arv2x);
    arx4* (arv2x);
    arx5* (arv2x);
    ary1 BY ly1@1 (p77);
    ary2 BY ly2@1 (p78);
    ary3 BY ly3@1 (p79);
    ary4 BY ly4@1 (p80);
    ary5 BY ly5@1 (p81);
    ary2 ON ary1* (b);
    ary3 ON ary2* (b);
    ary4 ON ary3* (b);
    ary5 ON ary4* (b);
    ary1* (arvy);
    ary2* (arv2y);
    ary3* (arv2y);
    ary4* (arv2y);
    ary5* (arv2y);
    ary2 ON arx1* (c);
    ary3 ON arx2* (c);
    ary4 ON arx3* (c);
    ary5 ON arx4* (c);
    arx2 ON ary1* (d);
    arx3 ON ary2* (d);
    arx4 ON ary3* (d);
    arx5 ON ary4* (d);
    ri_x WITH ri_y* (cov_t);
    arx1 WITH ary1* (cor_xy);
    arx2 WITH ary2* (cor_xyr);
    arx3 WITH ary3* (cor_xyr);
    arx4 WITH ary4* (cor_xyr);
    arx5 WITH ary5* (cor_xyr);
  MODEL CONSTRAINT:

     x_t_var > 0;
     y_t_var > 0;
     arvx > 0;
     arv2x > 0;
     arvy > 0;
     arv2y > 0;
     sx > 0;
     sy > 0;
     cov_t < 99*(sqrt(x_t_var)*sqrt(y_t_var));
     cov_t > -99*(sqrt(x_t_var)*sqrt(y_t_var));
     cor_xy < 99*(sqrt(arvx)*sqrt(arvy));
     cor_xy > -99*(sqrt(arvx)*sqrt(arvy));
     arv2x = (1-a**2)*arvx-2*a*d*cor_xy-d**2*arvy;
     arv2y = (1-b**2)*arvy-2*b*c*cor_xy-c**2*arvx;
     cor_xyr = (1-a*b-c*d)*cor_xy-a*c*arvx-b*d*arvy;
  OUTPUT:
    sampstat standardized tech1;



INPUT READING TERMINATED NORMALLY




[This syntax is autogenerated by lavExport]

SUMMARY OF ANALYSIS

Number of groups                                                 1
Number of observations                                        1000

Number of dependent variables                                   10
Number of independent variables                                  0
Number of continuous latent variables                           32

Observed dependent variables

  Continuous
   X1          X2          X3          X4          X5          Y1
   Y2          Y3          Y4          Y5

Continuous latent variables
   LX1         LX2         LX3         LX4         LX5         LY1
   LY2         LY3         LY4         LY5         RI_X        RI_Y
   SX1         SX2         SX3         SX4         SX5         SY1
   SY2         SY3         SY4         SY5         ARX1        ARX2
   ARX3        ARX4        ARX5        ARY1        ARY2        ARY3
   ARY4        ARY5


Estimator                                                       ML
Information matrix                                        OBSERVED
Maximum number of iterations                                  1000
Convergence criterion                                    0.500D-04
Maximum number of steepest descent iterations                   20

Input data file(s)
  lout.mplus.raw

Input data format  FREE


SAMPLE STATISTICS


     SAMPLE STATISTICS


           Means
              X1            X2            X3            X4            X5
              ________      ________      ________      ________      ________
      1        -0.031        -0.073        -0.017        -0.006        -0.099


           Means
              Y1            Y2            Y3            Y4            Y5
              ________      ________      ________      ________      ________
      1        -0.043         0.000        -0.068        -0.073        -0.075


           Covariances
              X1            X2            X3            X4            X5
              ________      ________      ________      ________      ________
 X1             2.981
 X2             1.628         2.976
 X3             1.286         1.596         3.029
 X4             1.235         1.308         1.585         2.957
 X5             1.189         1.230         1.428         1.646         3.228
 Y1             1.095         0.810         0.761         0.683         0.579
 Y2             1.115         1.142         0.915         0.699         0.798
 Y3             0.895         0.928         1.124         0.992         0.869
 Y4             0.800         0.854         0.971         1.063         0.948
 Y5             0.740         0.739         0.807         1.096         1.197


           Covariances
              Y1            Y2            Y3            Y4            Y5
              ________      ________      ________      ________      ________
 Y1             2.812
 Y2             1.613         2.917
 Y3             1.424         1.608         3.062
 Y4             1.254         1.339         1.661         3.104
 Y5             1.181         1.211         1.476         1.646         2.952


           Correlations
              X1            X2            X3            X4            X5
              ________      ________      ________      ________      ________
 X1             1.000
 X2             0.546         1.000
 X3             0.428         0.532         1.000
 X4             0.416         0.441         0.530         1.000
 X5             0.383         0.397         0.457         0.533         1.000
 Y1             0.378         0.280         0.261         0.237         0.192
 Y2             0.378         0.388         0.308         0.238         0.260
 Y3             0.296         0.307         0.369         0.330         0.276
 Y4             0.263         0.281         0.317         0.351         0.300
 Y5             0.250         0.249         0.270         0.371         0.388


           Correlations
              Y1            Y2            Y3            Y4            Y5
              ________      ________      ________      ________      ________
 Y1             1.000
 Y2             0.563         1.000
 Y3             0.485         0.538         1.000
 Y4             0.424         0.445         0.539         1.000
 Y5             0.410         0.413         0.491         0.544         1.000


UNIVARIATE HIGHER-ORDER MOMENT DESCRIPTIVE STATISTICS


     UNIVARIATE HIGHER-ORDER MOMENT DESCRIPTIVE STATISTICS

         Variable/         Mean/     Skewness/   Minimum/ % with                Percentiles
        Sample Size      Variance    Kurtosis    Maximum  Min/Max      20%/60%    40%/80%    Median

     X1                   -0.031       0.009      -5.681    0.10%      -1.562     -0.392      0.018
            1000.000       2.981       0.029       5.760    0.10%       0.388      1.364
     X2                   -0.073      -0.038      -5.966    0.10%      -1.503     -0.418     -0.062
            1000.000       2.976       0.238       6.663    0.10%       0.424      1.295
     X3                   -0.017      -0.030      -6.685    0.10%      -1.413     -0.454     -0.036
            1000.000       3.029       0.106       5.267    0.10%       0.396      1.411
     X4                   -0.006      -0.061      -5.252    0.10%      -1.454     -0.398      0.031
            1000.000       2.957      -0.125       5.801    0.10%       0.441      1.407
     X5                   -0.099       0.025      -5.487    0.10%      -1.639     -0.620     -0.141
            1000.000       3.228      -0.054       6.200    0.10%       0.358      1.421
     Y1                   -0.043       0.042      -4.800    0.10%      -1.439     -0.451     -0.091
            1000.000       2.812      -0.110       4.919    0.10%       0.319      1.385
     Y2                    0.000       0.046      -4.840    0.10%      -1.456     -0.390     -0.001
            1000.000       2.917       0.111       5.738    0.10%       0.440      1.381
     Y3                   -0.068      -0.038      -6.309    0.10%      -1.480     -0.519     -0.017
            1000.000       3.062       0.301       5.645    0.10%       0.334      1.359
     Y4                   -0.073       0.042      -5.643    0.10%      -1.629     -0.575     -0.090
            1000.000       3.104      -0.098       5.603    0.10%       0.404      1.386
     Y5                   -0.075      -0.001      -7.072    0.10%      -1.516     -0.501     -0.100
            1000.000       2.952       0.098       6.131    0.10%       0.329      1.415


     NO CONVERGENCE.  SERIOUS PROBLEMS IN ITERATIONS.
     ESTIMATED COVARIANCE MATRIX NON-INVERTIBLE.
     CHECK YOUR STARTING VALUES.



MODEL RESULTS

                    Estimate

 LX1      BY
    X1                 1.000

 LX2      BY
    X2                 1.000

 LX3      BY
    X3                 1.000

 LX4      BY
    X4                 1.000

 LX5      BY
    X5                 1.000

 LY1      BY
    Y1                 1.000

 LY2      BY
    Y2                 1.000

 LY3      BY
    Y3                 1.000

 LY4      BY
    Y4                 1.000

 LY5      BY
    Y5                 1.000

 RI_X     BY
    LX1                1.000
    LX2                1.000
    LX3                1.000
    LX4                1.000
    LX5                1.000

 RI_Y     BY
    LY1                1.000
    LY2                1.000
    LY3                1.000
    LY4                1.000
    LY5                1.000

 SX1      BY
    LX1                1.000

 SX2      BY
    LX2                1.000

 SX3      BY
    LX3                1.000

 SX4      BY
    LX4                1.000

 SX5      BY
    LX5                1.000

 SY1      BY
    LY1                1.000

 SY2      BY
    LY2                1.000

 SY3      BY
    LY3                1.000

 SY4      BY
    LY4                1.000

 SY5      BY
    LY5                1.000

 ARX1     BY
    LX1                1.000

 ARX2     BY
    LX2                1.000

 ARX3     BY
    LX3                1.000

 ARX4     BY
    LX4                1.000

 ARX5     BY
    LX5                1.000

 ARY1     BY
    LY1                1.000

 ARY2     BY
    LY2                1.000

 ARY3     BY
    LY3                1.000

 ARY4     BY
    LY4                1.000

 ARY5     BY
    LY5                1.000

 ARX2     ON
    ARX1               0.000
    ARY1               0.000

 ARX3     ON
    ARX2               0.000
    ARY2               0.000

 ARX4     ON
    ARX3               0.000
    ARY3               0.000

 ARX5     ON
    ARX4               0.000
    ARY4               0.000

 ARY2     ON
    ARY1               0.000
    ARX1               0.000

 ARY3     ON
    ARY2               0.000
    ARX2               0.000

 ARY4     ON
    ARY3               0.000
    ARX3               0.000

 ARY5     ON
    ARY4               0.000
    ARX4               0.000

 RI_X     WITH
    RI_Y               0.000

 ARX1     WITH
    ARY1               0.000

 ARX2     WITH
    ARY2               0.000

 ARX3     WITH
    ARY3               0.000

 ARX4     WITH
    ARY4               0.000

 ARX5     WITH
    ARY5               0.000

 Intercepts
    X1                -0.031
    X2                -0.073
    X3                -0.017
    X4                -0.006
    X5                -0.099
    Y1                -0.043
    Y2                 0.000
    Y3                -0.068
    Y4                -0.073
    Y5                -0.075

 Variances
    RI_X               0.050
    RI_Y               0.050
    SX1                0.050
    SX2                0.050
    SX3                0.050
    SX4                0.050
    SX5                0.050
    SY1                0.050
    SY2                0.050
    SY3                0.050
    SY4                0.050
    SY5                0.050
    ARX1               0.050
    ARY1               0.050

 Residual Variances
    X1                 0.000
    X2                 0.000
    X3                 0.000
    X4                 0.000
    X5                 0.000
    Y1                 0.000
    Y2                 0.000
    Y3                 0.000
    Y4                 0.000
    Y5                 0.000
    LX1                0.000
    LX2                0.000
    LX3                0.000
    LX4                0.000
    LX5                0.000
    LY1                0.000
    LY2                0.000
    LY3                0.000
    LY4                0.000
    LY5                0.000
    ARX2               0.050
    ARX3               0.050
    ARX4               0.050
    ARX5               0.050
    ARY2               0.050
    ARY3               0.050
    ARY4               0.050
    ARY5               0.050


MODEL COMMAND WITH FINAL ESTIMATES USED AS STARTING VALUES

     lx1 BY x1@1;
     lx2 BY x2@1;
     lx3 BY x3@1;
     lx4 BY x4@1;
     lx5 BY x5@1;
     ly1 BY y1@1;
     ly2 BY y2@1;
     ly3 BY y3@1;
     ly4 BY y4@1;
     ly5 BY y5@1;

     ri_x BY lx1@1;
     ri_x BY lx2@1;
     ri_x BY lx3@1;
     ri_x BY lx4@1;
     ri_x BY lx5@1;
     ri_y BY ly1@1;
     ri_y BY ly2@1;
     ri_y BY ly3@1;
     ri_y BY ly4@1;
     ri_y BY ly5@1;
     sx1 BY lx1@1;
     sx2 BY lx2@1;
     sx3 BY lx3@1;
     sx4 BY lx4@1;
     sx5 BY lx5@1;
     sy1 BY ly1@1;
     sy2 BY ly2@1;
     sy3 BY ly3@1;
     sy4 BY ly4@1;
     sy5 BY ly5@1;
     arx1 BY lx1@1;
     arx2 BY lx2@1;
     arx3 BY lx3@1;
     arx4 BY lx4@1;
     arx5 BY lx5@1;
     ary1 BY ly1@1;
     ary2 BY ly2@1;
     ary3 BY ly3@1;
     ary4 BY ly4@1;
     ary5 BY ly5@1;

     arx2 ON arx1*0 (a);
     arx2 ON ary1*0 (d);
     arx3 ON arx2*0 (a);
     arx3 ON ary2*0 (d);
     arx4 ON arx3*0 (a);
     arx4 ON ary3*0 (d);
     arx5 ON arx4*0 (a);
     arx5 ON ary4*0 (d);
     ary2 ON ary1*0 (b);
     ary2 ON arx1*0 (c);
     ary3 ON ary2*0 (b);
     ary3 ON arx2*0 (c);
     ary4 ON ary3*0 (b);
     ary4 ON arx3*0 (c);
     ary5 ON ary4*0 (b);
     ary5 ON arx4*0 (c);

     ri_x WITH ri_y*0 (cov_t);
     arx1 WITH ary1*0 (cor_xy);
     arx2 WITH ary2*0 (cor_xyr);
     arx3 WITH ary3*0 (cor_xyr);
     arx4 WITH ary4*0 (cor_xyr);
     arx5 WITH ary5*0 (cor_xyr);

     [ x1*-0.03130 ];
     [ x2*-0.07281 ];
     [ x3*-0.01701 ];
     [ x4*-0.00650 ];
     [ x5*-0.09854 ];
     [ y1*-0.04304 ];
     [ y2*0.00000 ];
     [ y3*-0.06766 ];
     [ y4*-0.07318 ];
     [ y5*-0.07530 ];

     x1@0;
     x2@0;
     x3@0;
     x4@0;
     x5@0;
     y1@0;
     y2@0;
     y3@0;
     y4@0;
     y5@0;
     lx1@0;
     lx2@0;
     lx3@0;
     lx4@0;
     lx5@0;
     ly1@0;
     ly2@0;
     ly3@0;
     ly4@0;
     ly5@0;
     ri_x*0.05000 (x_t_var);
     ri_y*0.05000 (y_t_var);
     sx1*0.05000 (sx);
     sx2*0.05000 (sx);
     sx3*0.05000 (sx);
     sx4*0.05000 (sx);
     sx5*0.05000 (sx);
     sy1*0.05000 (sy);
     sy2*0.05000 (sy);
     sy3*0.05000 (sy);
     sy4*0.05000 (sy);
     sy5*0.05000 (sy);
     arx1*0.05000 (arvx);
     arx2*0.05000 (arv2x);
     arx3*0.05000 (arv2x);
     arx4*0.05000 (arv2x);
     arx5*0.05000 (arv2x);
     ary1*0.05000 (arvy);
     ary2*0.05000 (arv2y);
     ary3*0.05000 (arv2y);
     ary4*0.05000 (arv2y);
     ary5*0.05000 (arv2y);



TECHNICAL 1 OUTPUT


     PARAMETER SPECIFICATION


           NU
              X1            X2            X3            X4            X5
              ________      ________      ________      ________      ________
      1           1             2             3             4             5


           NU
              Y1            Y2            Y3            Y4            Y5
              ________      ________      ________      ________      ________
      1           6             7             8             9            10


           LAMBDA
              LX1           LX2           LX3           LX4           LX5
              ________      ________      ________      ________      ________
 X1                 0             0             0             0             0
 X2                 0             0             0             0             0
 X3                 0             0             0             0             0
 X4                 0             0             0             0             0
 X5                 0             0             0             0             0
 Y1                 0             0             0             0             0
 Y2                 0             0             0             0             0
 Y3                 0             0             0             0             0
 Y4                 0             0             0             0             0
 Y5                 0             0             0             0             0


           LAMBDA
              LY1           LY2           LY3           LY4           LY5
              ________      ________      ________      ________      ________
 X1                 0             0             0             0             0
 X2                 0             0             0             0             0
 X3                 0             0             0             0             0
 X4                 0             0             0             0             0
 X5                 0             0             0             0             0
 Y1                 0             0             0             0             0
 Y2                 0             0             0             0             0
 Y3                 0             0             0             0             0
 Y4                 0             0             0             0             0
 Y5                 0             0             0             0             0


           LAMBDA
              RI_X          RI_Y          SX1           SX2           SX3
              ________      ________      ________      ________      ________
 X1                 0             0             0             0             0
 X2                 0             0             0             0             0
 X3                 0             0             0             0             0
 X4                 0             0             0             0             0
 X5                 0             0             0             0             0
 Y1                 0             0             0             0             0
 Y2                 0             0             0             0             0
 Y3                 0             0             0             0             0
 Y4                 0             0             0             0             0
 Y5                 0             0             0             0             0


           LAMBDA
              SX4           SX5           SY1           SY2           SY3
              ________      ________      ________      ________      ________
 X1                 0             0             0             0             0
 X2                 0             0             0             0             0
 X3                 0             0             0             0             0
 X4                 0             0             0             0             0
 X5                 0             0             0             0             0
 Y1                 0             0             0             0             0
 Y2                 0             0             0             0             0
 Y3                 0             0             0             0             0
 Y4                 0             0             0             0             0
 Y5                 0             0             0             0             0


           LAMBDA
              SY4           SY5           ARX1          ARX2          ARX3
              ________      ________      ________      ________      ________
 X1                 0             0             0             0             0
 X2                 0             0             0             0             0
 X3                 0             0             0             0             0
 X4                 0             0             0             0             0
 X5                 0             0             0             0             0
 Y1                 0             0             0             0             0
 Y2                 0             0             0             0             0
 Y3                 0             0             0             0             0
 Y4                 0             0             0             0             0
 Y5                 0             0             0             0             0


           LAMBDA
              ARX4          ARX5          ARY1          ARY2          ARY3
              ________      ________      ________      ________      ________
 X1                 0             0             0             0             0
 X2                 0             0             0             0             0
 X3                 0             0             0             0             0
 X4                 0             0             0             0             0
 X5                 0             0             0             0             0
 Y1                 0             0             0             0             0
 Y2                 0             0             0             0             0
 Y3                 0             0             0             0             0
 Y4                 0             0             0             0             0
 Y5                 0             0             0             0             0


           LAMBDA
              ARY4          ARY5
              ________      ________
 X1                 0             0
 X2                 0             0
 X3                 0             0
 X4                 0             0
 X5                 0             0
 Y1                 0             0
 Y2                 0             0
 Y3                 0             0
 Y4                 0             0
 Y5                 0             0


           THETA
              X1            X2            X3            X4            X5
              ________      ________      ________      ________      ________
 X1                 0
 X2                 0             0
 X3                 0             0             0
 X4                 0             0             0             0
 X5                 0             0             0             0             0
 Y1                 0             0             0             0             0
 Y2                 0             0             0             0             0
 Y3                 0             0             0             0             0
 Y4                 0             0             0             0             0
 Y5                 0             0             0             0             0


           THETA
              Y1            Y2            Y3            Y4            Y5
              ________      ________      ________      ________      ________
 Y1                 0
 Y2                 0             0
 Y3                 0             0             0
 Y4                 0             0             0             0
 Y5                 0             0             0             0             0


           ALPHA
              LX1           LX2           LX3           LX4           LX5
              ________      ________      ________      ________      ________
      1           0             0             0             0             0


           ALPHA
              LY1           LY2           LY3           LY4           LY5
              ________      ________      ________      ________      ________
      1           0             0             0             0             0


           ALPHA
              RI_X          RI_Y          SX1           SX2           SX3
              ________      ________      ________      ________      ________
      1           0             0             0             0             0


           ALPHA
              SX4           SX5           SY1           SY2           SY3
              ________      ________      ________      ________      ________
      1           0             0             0             0             0


           ALPHA
              SY4           SY5           ARX1          ARX2          ARX3
              ________      ________      ________      ________      ________
      1           0             0             0             0             0


           ALPHA
              ARX4          ARX5          ARY1          ARY2          ARY3
              ________      ________      ________      ________      ________
      1           0             0             0             0             0


           ALPHA
              ARY4          ARY5
              ________      ________
      1           0             0


           BETA
              LX1           LX2           LX3           LX4           LX5
              ________      ________      ________      ________      ________
 LX1                0             0             0             0             0
 LX2                0             0             0             0             0
 LX3                0             0             0             0             0
 LX4                0             0             0             0             0
 LX5                0             0             0             0             0
 LY1                0             0             0             0             0
 LY2                0             0             0             0             0
 LY3                0             0             0             0             0
 LY4                0             0             0             0             0
 LY5                0             0             0             0             0
 RI_X               0             0             0             0             0
 RI_Y               0             0             0             0             0
 SX1                0             0             0             0             0
 SX2                0             0             0             0             0
 SX3                0             0             0             0             0
 SX4                0             0             0             0             0
 SX5                0             0             0             0             0
 SY1                0             0             0             0             0
 SY2                0             0             0             0             0
 SY3                0             0             0             0             0
 SY4                0             0             0             0             0
 SY5                0             0             0             0             0
 ARX1               0             0             0             0             0
 ARX2               0             0             0             0             0
 ARX3               0             0             0             0             0
 ARX4               0             0             0             0             0
 ARX5               0             0             0             0             0
 ARY1               0             0             0             0             0
 ARY2               0             0             0             0             0
 ARY3               0             0             0             0             0
 ARY4               0             0             0             0             0
 ARY5               0             0             0             0             0


           BETA
              LY1           LY2           LY3           LY4           LY5
              ________      ________      ________      ________      ________
 LX1                0             0             0             0             0
 LX2                0             0             0             0             0
 LX3                0             0             0             0             0
 LX4                0             0             0             0             0
 LX5                0             0             0             0             0
 LY1                0             0             0             0             0
 LY2                0             0             0             0             0
 LY3                0             0             0             0             0
 LY4                0             0             0             0             0
 LY5                0             0             0             0             0
 RI_X               0             0             0             0             0
 RI_Y               0             0             0             0             0
 SX1                0             0             0             0             0
 SX2                0             0             0             0             0
 SX3                0             0             0             0             0
 SX4                0             0             0             0             0
 SX5                0             0             0             0             0
 SY1                0             0             0             0             0
 SY2                0             0             0             0             0
 SY3                0             0             0             0             0
 SY4                0             0             0             0             0
 SY5                0             0             0             0             0
 ARX1               0             0             0             0             0
 ARX2               0             0             0             0             0
 ARX3               0             0             0             0             0
 ARX4               0             0             0             0             0
 ARX5               0             0             0             0             0
 ARY1               0             0             0             0             0
 ARY2               0             0             0             0             0
 ARY3               0             0             0             0             0
 ARY4               0             0             0             0             0
 ARY5               0             0             0             0             0


           BETA
              RI_X          RI_Y          SX1           SX2           SX3
              ________      ________      ________      ________      ________
 LX1                0             0             0             0             0
 LX2                0             0             0             0             0
 LX3                0             0             0             0             0
 LX4                0             0             0             0             0
 LX5                0             0             0             0             0
 LY1                0             0             0             0             0
 LY2                0             0             0             0             0
 LY3                0             0             0             0             0
 LY4                0             0             0             0             0
 LY5                0             0             0             0             0
 RI_X               0             0             0             0             0
 RI_Y               0             0             0             0             0
 SX1                0             0             0             0             0
 SX2                0             0             0             0             0
 SX3                0             0             0             0             0
 SX4                0             0             0             0             0
 SX5                0             0             0             0             0
 SY1                0             0             0             0             0
 SY2                0             0             0             0             0
 SY3                0             0             0             0             0
 SY4                0             0             0             0             0
 SY5                0             0             0             0             0
 ARX1               0             0             0             0             0
 ARX2               0             0             0             0             0
 ARX3               0             0             0             0             0
 ARX4               0             0             0             0             0
 ARX5               0             0             0             0             0
 ARY1               0             0             0             0             0
 ARY2               0             0             0             0             0
 ARY3               0             0             0             0             0
 ARY4               0             0             0             0             0
 ARY5               0             0             0             0             0


           BETA
              SX4           SX5           SY1           SY2           SY3
              ________      ________      ________      ________      ________
 LX1                0             0             0             0             0
 LX2                0             0             0             0             0
 LX3                0             0             0             0             0
 LX4                0             0             0             0             0
 LX5                0             0             0             0             0
 LY1                0             0             0             0             0
 LY2                0             0             0             0             0
 LY3                0             0             0             0             0
 LY4                0             0             0             0             0
 LY5                0             0             0             0             0
 RI_X               0             0             0             0             0
 RI_Y               0             0             0             0             0
 SX1                0             0             0             0             0
 SX2                0             0             0             0             0
 SX3                0             0             0             0             0
 SX4                0             0             0             0             0
 SX5                0             0             0             0             0
 SY1                0             0             0             0             0
 SY2                0             0             0             0             0
 SY3                0             0             0             0             0
 SY4                0             0             0             0             0
 SY5                0             0             0             0             0
 ARX1               0             0             0             0             0
 ARX2               0             0             0             0             0
 ARX3               0             0             0             0             0
 ARX4               0             0             0             0             0
 ARX5               0             0             0             0             0
 ARY1               0             0             0             0             0
 ARY2               0             0             0             0             0
 ARY3               0             0             0             0             0
 ARY4               0             0             0             0             0
 ARY5               0             0             0             0             0


           BETA
              SY4           SY5           ARX1          ARX2          ARX3
              ________      ________      ________      ________      ________
 LX1                0             0             0             0             0
 LX2                0             0             0             0             0
 LX3                0             0             0             0             0
 LX4                0             0             0             0             0
 LX5                0             0             0             0             0
 LY1                0             0             0             0             0
 LY2                0             0             0             0             0
 LY3                0             0             0             0             0
 LY4                0             0             0             0             0
 LY5                0             0             0             0             0
 RI_X               0             0             0             0             0
 RI_Y               0             0             0             0             0
 SX1                0             0             0             0             0
 SX2                0             0             0             0             0
 SX3                0             0             0             0             0
 SX4                0             0             0             0             0
 SX5                0             0             0             0             0
 SY1                0             0             0             0             0
 SY2                0             0             0             0             0
 SY3                0             0             0             0             0
 SY4                0             0             0             0             0
 SY5                0             0             0             0             0
 ARX1               0             0             0             0             0
 ARX2               0             0            11             0             0
 ARX3               0             0             0            11             0
 ARX4               0             0             0             0            11
 ARX5               0             0             0             0             0
 ARY1               0             0             0             0             0
 ARY2               0             0            13             0             0
 ARY3               0             0             0            13             0
 ARY4               0             0             0             0            13
 ARY5               0             0             0             0             0


           BETA
              ARX4          ARX5          ARY1          ARY2          ARY3
              ________      ________      ________      ________      ________
 LX1                0             0             0             0             0
 LX2                0             0             0             0             0
 LX3                0             0             0             0             0
 LX4                0             0             0             0             0
 LX5                0             0             0             0             0
 LY1                0             0             0             0             0
 LY2                0             0             0             0             0
 LY3                0             0             0             0             0
 LY4                0             0             0             0             0
 LY5                0             0             0             0             0
 RI_X               0             0             0             0             0
 RI_Y               0             0             0             0             0
 SX1                0             0             0             0             0
 SX2                0             0             0             0             0
 SX3                0             0             0             0             0
 SX4                0             0             0             0             0
 SX5                0             0             0             0             0
 SY1                0             0             0             0             0
 SY2                0             0             0             0             0
 SY3                0             0             0             0             0
 SY4                0             0             0             0             0
 SY5                0             0             0             0             0
 ARX1               0             0             0             0             0
 ARX2               0             0            12             0             0
 ARX3               0             0             0            12             0
 ARX4               0             0             0             0            12
 ARX5              11             0             0             0             0
 ARY1               0             0             0             0             0
 ARY2               0             0            14             0             0
 ARY3               0             0             0            14             0
 ARY4               0             0             0             0            14
 ARY5              13             0             0             0             0


           BETA
              ARY4          ARY5
              ________      ________
 LX1                0             0
 LX2                0             0
 LX3                0             0
 LX4                0             0
 LX5                0             0
 LY1                0             0
 LY2                0             0
 LY3                0             0
 LY4                0             0
 LY5                0             0
 RI_X               0             0
 RI_Y               0             0
 SX1                0             0
 SX2                0             0
 SX3                0             0
 SX4                0             0
 SX5                0             0
 SY1                0             0
 SY2                0             0
 SY3                0             0
 SY4                0             0
 SY5                0             0
 ARX1               0             0
 ARX2               0             0
 ARX3               0             0
 ARX4               0             0
 ARX5              12             0
 ARY1               0             0
 ARY2               0             0
 ARY3               0             0
 ARY4               0             0
 ARY5              14             0


           PSI
              LX1           LX2           LX3           LX4           LX5
              ________      ________      ________      ________      ________
 LX1                0
 LX2                0             0
 LX3                0             0             0
 LX4                0             0             0             0
 LX5                0             0             0             0             0
 LY1                0             0             0             0             0
 LY2                0             0             0             0             0
 LY3                0             0             0             0             0
 LY4                0             0             0             0             0
 LY5                0             0             0             0             0
 RI_X               0             0             0             0             0
 RI_Y               0             0             0             0             0
 SX1                0             0             0             0             0
 SX2                0             0             0             0             0
 SX3                0             0             0             0             0
 SX4                0             0             0             0             0
 SX5                0             0             0             0             0
 SY1                0             0             0             0             0
 SY2                0             0             0             0             0
 SY3                0             0             0             0             0
 SY4                0             0             0             0             0
 SY5                0             0             0             0             0
 ARX1               0             0             0             0             0
 ARX2               0             0             0             0             0
 ARX3               0             0             0             0             0
 ARX4               0             0             0             0             0
 ARX5               0             0             0             0             0
 ARY1               0             0             0             0             0
 ARY2               0             0             0             0             0
 ARY3               0             0             0             0             0
 ARY4               0             0             0             0             0
 ARY5               0             0             0             0             0


           PSI
              LY1           LY2           LY3           LY4           LY5
              ________      ________      ________      ________      ________
 LY1                0
 LY2                0             0
 LY3                0             0             0
 LY4                0             0             0             0
 LY5                0             0             0             0             0
 RI_X               0             0             0             0             0
 RI_Y               0             0             0             0             0
 SX1                0             0             0             0             0
 SX2                0             0             0             0             0
 SX3                0             0             0             0             0
 SX4                0             0             0             0             0
 SX5                0             0             0             0             0
 SY1                0             0             0             0             0
 SY2                0             0             0             0             0
 SY3                0             0             0             0             0
 SY4                0             0             0             0             0
 SY5                0             0             0             0             0
 ARX1               0             0             0             0             0
 ARX2               0             0             0             0             0
 ARX3               0             0             0             0             0
 ARX4               0             0             0             0             0
 ARX5               0             0             0             0             0
 ARY1               0             0             0             0             0
 ARY2               0             0             0             0             0
 ARY3               0             0             0             0             0
 ARY4               0             0             0             0             0
 ARY5               0             0             0             0             0


           PSI
              RI_X          RI_Y          SX1           SX2           SX3
              ________      ________      ________      ________      ________
 RI_X              15
 RI_Y              16            17
 SX1                0             0            18
 SX2                0             0             0            18
 SX3                0             0             0             0            18
 SX4                0             0             0             0             0
 SX5                0             0             0             0             0
 SY1                0             0             0             0             0
 SY2                0             0             0             0             0
 SY3                0             0             0             0             0
 SY4                0             0             0             0             0
 SY5                0             0             0             0             0
 ARX1               0             0             0             0             0
 ARX2               0             0             0             0             0
 ARX3               0             0             0             0             0
 ARX4               0             0             0             0             0
 ARX5               0             0             0             0             0
 ARY1               0             0             0             0             0
 ARY2               0             0             0             0             0
 ARY3               0             0             0             0             0
 ARY4               0             0             0             0             0
 ARY5               0             0             0             0             0


           PSI
              SX4           SX5           SY1           SY2           SY3
              ________      ________      ________      ________      ________
 SX4               18
 SX5                0            18
 SY1                0             0            19
 SY2                0             0             0            19
 SY3                0             0             0             0            19
 SY4                0             0             0             0             0
 SY5                0             0             0             0             0
 ARX1               0             0             0             0             0
 ARX2               0             0             0             0             0
 ARX3               0             0             0             0             0
 ARX4               0             0             0             0             0
 ARX5               0             0             0             0             0
 ARY1               0             0             0             0             0
 ARY2               0             0             0             0             0
 ARY3               0             0             0             0             0
 ARY4               0             0             0             0             0
 ARY5               0             0             0             0             0


           PSI
              SY4           SY5           ARX1          ARX2          ARX3
              ________      ________      ________      ________      ________
 SY4               19
 SY5                0            19
 ARX1               0             0            20
 ARX2               0             0             0            21
 ARX3               0             0             0             0            21
 ARX4               0             0             0             0             0
 ARX5               0             0             0             0             0
 ARY1               0             0            22             0             0
 ARY2               0             0             0            24             0
 ARY3               0             0             0             0            24
 ARY4               0             0             0             0             0
 ARY5               0             0             0             0             0


           PSI
              ARX4          ARX5          ARY1          ARY2          ARY3
              ________      ________      ________      ________      ________
 ARX4              21
 ARX5               0            21
 ARY1               0             0            23
 ARY2               0             0             0            25
 ARY3               0             0             0             0            25
 ARY4              24             0             0             0             0
 ARY5               0            24             0             0             0


           PSI
              ARY4          ARY5
              ________      ________
 ARY4              25
 ARY5               0            25


     STARTING VALUES


           NU
              X1            X2            X3            X4            X5
              ________      ________      ________      ________      ________
      1        -0.031        -0.073        -0.017        -0.006        -0.099


           NU
              Y1            Y2            Y3            Y4            Y5
              ________      ________      ________      ________      ________
      1        -0.043         0.000        -0.068        -0.073        -0.075


           LAMBDA
              LX1           LX2           LX3           LX4           LX5
              ________      ________      ________      ________      ________
 X1             1.000         0.000         0.000         0.000         0.000
 X2             0.000         1.000         0.000         0.000         0.000
 X3             0.000         0.000         1.000         0.000         0.000
 X4             0.000         0.000         0.000         1.000         0.000
 X5             0.000         0.000         0.000         0.000         1.000
 Y1             0.000         0.000         0.000         0.000         0.000
 Y2             0.000         0.000         0.000         0.000         0.000
 Y3             0.000         0.000         0.000         0.000         0.000
 Y4             0.000         0.000         0.000         0.000         0.000
 Y5             0.000         0.000         0.000         0.000         0.000


           LAMBDA
              LY1           LY2           LY3           LY4           LY5
              ________      ________      ________      ________      ________
 X1             0.000         0.000         0.000         0.000         0.000
 X2             0.000         0.000         0.000         0.000         0.000
 X3             0.000         0.000         0.000         0.000         0.000
 X4             0.000         0.000         0.000         0.000         0.000
 X5             0.000         0.000         0.000         0.000         0.000
 Y1             1.000         0.000         0.000         0.000         0.000
 Y2             0.000         1.000         0.000         0.000         0.000
 Y3             0.000         0.000         1.000         0.000         0.000
 Y4             0.000         0.000         0.000         1.000         0.000
 Y5             0.000         0.000         0.000         0.000         1.000


           LAMBDA
              RI_X          RI_Y          SX1           SX2           SX3
              ________      ________      ________      ________      ________
 X1             0.000         0.000         0.000         0.000         0.000
 X2             0.000         0.000         0.000         0.000         0.000
 X3             0.000         0.000         0.000         0.000         0.000
 X4             0.000         0.000         0.000         0.000         0.000
 X5             0.000         0.000         0.000         0.000         0.000
 Y1             0.000         0.000         0.000         0.000         0.000
 Y2             0.000         0.000         0.000         0.000         0.000
 Y3             0.000         0.000         0.000         0.000         0.000
 Y4             0.000         0.000         0.000         0.000         0.000
 Y5             0.000         0.000         0.000         0.000         0.000


           LAMBDA
              SX4           SX5           SY1           SY2           SY3
              ________      ________      ________      ________      ________
 X1             0.000         0.000         0.000         0.000         0.000
 X2             0.000         0.000         0.000         0.000         0.000
 X3             0.000         0.000         0.000         0.000         0.000
 X4             0.000         0.000         0.000         0.000         0.000
 X5             0.000         0.000         0.000         0.000         0.000
 Y1             0.000         0.000         0.000         0.000         0.000
 Y2             0.000         0.000         0.000         0.000         0.000
 Y3             0.000         0.000         0.000         0.000         0.000
 Y4             0.000         0.000         0.000         0.000         0.000
 Y5             0.000         0.000         0.000         0.000         0.000


           LAMBDA
              SY4           SY5           ARX1          ARX2          ARX3
              ________      ________      ________      ________      ________
 X1             0.000         0.000         0.000         0.000         0.000
 X2             0.000         0.000         0.000         0.000         0.000
 X3             0.000         0.000         0.000         0.000         0.000
 X4             0.000         0.000         0.000         0.000         0.000
 X5             0.000         0.000         0.000         0.000         0.000
 Y1             0.000         0.000         0.000         0.000         0.000
 Y2             0.000         0.000         0.000         0.000         0.000
 Y3             0.000         0.000         0.000         0.000         0.000
 Y4             0.000         0.000         0.000         0.000         0.000
 Y5             0.000         0.000         0.000         0.000         0.000


           LAMBDA
              ARX4          ARX5          ARY1          ARY2          ARY3
              ________      ________      ________      ________      ________
 X1             0.000         0.000         0.000         0.000         0.000
 X2             0.000         0.000         0.000         0.000         0.000
 X3             0.000         0.000         0.000         0.000         0.000
 X4             0.000         0.000         0.000         0.000         0.000
 X5             0.000         0.000         0.000         0.000         0.000
 Y1             0.000         0.000         0.000         0.000         0.000
 Y2             0.000         0.000         0.000         0.000         0.000
 Y3             0.000         0.000         0.000         0.000         0.000
 Y4             0.000         0.000         0.000         0.000         0.000
 Y5             0.000         0.000         0.000         0.000         0.000


           LAMBDA
              ARY4          ARY5
              ________      ________
 X1             0.000         0.000
 X2             0.000         0.000
 X3             0.000         0.000
 X4             0.000         0.000
 X5             0.000         0.000
 Y1             0.000         0.000
 Y2             0.000         0.000
 Y3             0.000         0.000
 Y4             0.000         0.000
 Y5             0.000         0.000


           THETA
              X1            X2            X3            X4            X5
              ________      ________      ________      ________      ________
 X1             0.000
 X2             0.000         0.000
 X3             0.000         0.000         0.000
 X4             0.000         0.000         0.000         0.000
 X5             0.000         0.000         0.000         0.000         0.000
 Y1             0.000         0.000         0.000         0.000         0.000
 Y2             0.000         0.000         0.000         0.000         0.000
 Y3             0.000         0.000         0.000         0.000         0.000
 Y4             0.000         0.000         0.000         0.000         0.000
 Y5             0.000         0.000         0.000         0.000         0.000


           THETA
              Y1            Y2            Y3            Y4            Y5
              ________      ________      ________      ________      ________
 Y1             0.000
 Y2             0.000         0.000
 Y3             0.000         0.000         0.000
 Y4             0.000         0.000         0.000         0.000
 Y5             0.000         0.000         0.000         0.000         0.000


           ALPHA
              LX1           LX2           LX3           LX4           LX5
              ________      ________      ________      ________      ________
      1         0.000         0.000         0.000         0.000         0.000


           ALPHA
              LY1           LY2           LY3           LY4           LY5
              ________      ________      ________      ________      ________
      1         0.000         0.000         0.000         0.000         0.000


           ALPHA
              RI_X          RI_Y          SX1           SX2           SX3
              ________      ________      ________      ________      ________
      1         0.000         0.000         0.000         0.000         0.000


           ALPHA
              SX4           SX5           SY1           SY2           SY3
              ________      ________      ________      ________      ________
      1         0.000         0.000         0.000         0.000         0.000


           ALPHA
              SY4           SY5           ARX1          ARX2          ARX3
              ________      ________      ________      ________      ________
      1         0.000         0.000         0.000         0.000         0.000


           ALPHA
              ARX4          ARX5          ARY1          ARY2          ARY3
              ________      ________      ________      ________      ________
      1         0.000         0.000         0.000         0.000         0.000


           ALPHA
              ARY4          ARY5
              ________      ________
      1         0.000         0.000


           BETA
              LX1           LX2           LX3           LX4           LX5
              ________      ________      ________      ________      ________
 LX1            0.000         0.000         0.000         0.000         0.000
 LX2            0.000         0.000         0.000         0.000         0.000
 LX3            0.000         0.000         0.000         0.000         0.000
 LX4            0.000         0.000         0.000         0.000         0.000
 LX5            0.000         0.000         0.000         0.000         0.000
 LY1            0.000         0.000         0.000         0.000         0.000
 LY2            0.000         0.000         0.000         0.000         0.000
 LY3            0.000         0.000         0.000         0.000         0.000
 LY4            0.000         0.000         0.000         0.000         0.000
 LY5            0.000         0.000         0.000         0.000         0.000
 RI_X           0.000         0.000         0.000         0.000         0.000
 RI_Y           0.000         0.000         0.000         0.000         0.000
 SX1            0.000         0.000         0.000         0.000         0.000
 SX2            0.000         0.000         0.000         0.000         0.000
 SX3            0.000         0.000         0.000         0.000         0.000
 SX4            0.000         0.000         0.000         0.000         0.000
 SX5            0.000         0.000         0.000         0.000         0.000
 SY1            0.000         0.000         0.000         0.000         0.000
 SY2            0.000         0.000         0.000         0.000         0.000
 SY3            0.000         0.000         0.000         0.000         0.000
 SY4            0.000         0.000         0.000         0.000         0.000
 SY5            0.000         0.000         0.000         0.000         0.000
 ARX1           0.000         0.000         0.000         0.000         0.000
 ARX2           0.000         0.000         0.000         0.000         0.000
 ARX3           0.000         0.000         0.000         0.000         0.000
 ARX4           0.000         0.000         0.000         0.000         0.000
 ARX5           0.000         0.000         0.000         0.000         0.000
 ARY1           0.000         0.000         0.000         0.000         0.000
 ARY2           0.000         0.000         0.000         0.000         0.000
 ARY3           0.000         0.000         0.000         0.000         0.000
 ARY4           0.000         0.000         0.000         0.000         0.000
 ARY5           0.000         0.000         0.000         0.000         0.000


           BETA
              LY1           LY2           LY3           LY4           LY5
              ________      ________      ________      ________      ________
 LX1            0.000         0.000         0.000         0.000         0.000
 LX2            0.000         0.000         0.000         0.000         0.000
 LX3            0.000         0.000         0.000         0.000         0.000
 LX4            0.000         0.000         0.000         0.000         0.000
 LX5            0.000         0.000         0.000         0.000         0.000
 LY1            0.000         0.000         0.000         0.000         0.000
 LY2            0.000         0.000         0.000         0.000         0.000
 LY3            0.000         0.000         0.000         0.000         0.000
 LY4            0.000         0.000         0.000         0.000         0.000
 LY5            0.000         0.000         0.000         0.000         0.000
 RI_X           0.000         0.000         0.000         0.000         0.000
 RI_Y           0.000         0.000         0.000         0.000         0.000
 SX1            0.000         0.000         0.000         0.000         0.000
 SX2            0.000         0.000         0.000         0.000         0.000
 SX3            0.000         0.000         0.000         0.000         0.000
 SX4            0.000         0.000         0.000         0.000         0.000
 SX5            0.000         0.000         0.000         0.000         0.000
 SY1            0.000         0.000         0.000         0.000         0.000
 SY2            0.000         0.000         0.000         0.000         0.000
 SY3            0.000         0.000         0.000         0.000         0.000
 SY4            0.000         0.000         0.000         0.000         0.000
 SY5            0.000         0.000         0.000         0.000         0.000
 ARX1           0.000         0.000         0.000         0.000         0.000
 ARX2           0.000         0.000         0.000         0.000         0.000
 ARX3           0.000         0.000         0.000         0.000         0.000
 ARX4           0.000         0.000         0.000         0.000         0.000
 ARX5           0.000         0.000         0.000         0.000         0.000
 ARY1           0.000         0.000         0.000         0.000         0.000
 ARY2           0.000         0.000         0.000         0.000         0.000
 ARY3           0.000         0.000         0.000         0.000         0.000
 ARY4           0.000         0.000         0.000         0.000         0.000
 ARY5           0.000         0.000         0.000         0.000         0.000


           BETA
              RI_X          RI_Y          SX1           SX2           SX3
              ________      ________      ________      ________      ________
 LX1            1.000         0.000         1.000         0.000         0.000
 LX2            1.000         0.000         0.000         1.000         0.000
 LX3            1.000         0.000         0.000         0.000         1.000
 LX4            1.000         0.000         0.000         0.000         0.000
 LX5            1.000         0.000         0.000         0.000         0.000
 LY1            0.000         1.000         0.000         0.000         0.000
 LY2            0.000         1.000         0.000         0.000         0.000
 LY3            0.000         1.000         0.000         0.000         0.000
 LY4            0.000         1.000         0.000         0.000         0.000
 LY5            0.000         1.000         0.000         0.000         0.000
 RI_X           0.000         0.000         0.000         0.000         0.000
 RI_Y           0.000         0.000         0.000         0.000         0.000
 SX1            0.000         0.000         0.000         0.000         0.000
 SX2            0.000         0.000         0.000         0.000         0.000
 SX3            0.000         0.000         0.000         0.000         0.000
 SX4            0.000         0.000         0.000         0.000         0.000
 SX5            0.000         0.000         0.000         0.000         0.000
 SY1            0.000         0.000         0.000         0.000         0.000
 SY2            0.000         0.000         0.000         0.000         0.000
 SY3            0.000         0.000         0.000         0.000         0.000
 SY4            0.000         0.000         0.000         0.000         0.000
 SY5            0.000         0.000         0.000         0.000         0.000
 ARX1           0.000         0.000         0.000         0.000         0.000
 ARX2           0.000         0.000         0.000         0.000         0.000
 ARX3           0.000         0.000         0.000         0.000         0.000
 ARX4           0.000         0.000         0.000         0.000         0.000
 ARX5           0.000         0.000         0.000         0.000         0.000
 ARY1           0.000         0.000         0.000         0.000         0.000
 ARY2           0.000         0.000         0.000         0.000         0.000
 ARY3           0.000         0.000         0.000         0.000         0.000
 ARY4           0.000         0.000         0.000         0.000         0.000
 ARY5           0.000         0.000         0.000         0.000         0.000


           BETA
              SX4           SX5           SY1           SY2           SY3
              ________      ________      ________      ________      ________
 LX1            0.000         0.000         0.000         0.000         0.000
 LX2            0.000         0.000         0.000         0.000         0.000
 LX3            0.000         0.000         0.000         0.000         0.000
 LX4            1.000         0.000         0.000         0.000         0.000
 LX5            0.000         1.000         0.000         0.000         0.000
 LY1            0.000         0.000         1.000         0.000         0.000
 LY2            0.000         0.000         0.000         1.000         0.000
 LY3            0.000         0.000         0.000         0.000         1.000
 LY4            0.000         0.000         0.000         0.000         0.000
 LY5            0.000         0.000         0.000         0.000         0.000
 RI_X           0.000         0.000         0.000         0.000         0.000
 RI_Y           0.000         0.000         0.000         0.000         0.000
 SX1            0.000         0.000         0.000         0.000         0.000
 SX2            0.000         0.000         0.000         0.000         0.000
 SX3            0.000         0.000         0.000         0.000         0.000
 SX4            0.000         0.000         0.000         0.000         0.000
 SX5            0.000         0.000         0.000         0.000         0.000
 SY1            0.000         0.000         0.000         0.000         0.000
 SY2            0.000         0.000         0.000         0.000         0.000
 SY3            0.000         0.000         0.000         0.000         0.000
 SY4            0.000         0.000         0.000         0.000         0.000
 SY5            0.000         0.000         0.000         0.000         0.000
 ARX1           0.000         0.000         0.000         0.000         0.000
 ARX2           0.000         0.000         0.000         0.000         0.000
 ARX3           0.000         0.000         0.000         0.000         0.000
 ARX4           0.000         0.000         0.000         0.000         0.000
 ARX5           0.000         0.000         0.000         0.000         0.000
 ARY1           0.000         0.000         0.000         0.000         0.000
 ARY2           0.000         0.000         0.000         0.000         0.000
 ARY3           0.000         0.000         0.000         0.000         0.000
 ARY4           0.000         0.000         0.000         0.000         0.000
 ARY5           0.000         0.000         0.000         0.000         0.000


           BETA
              SY4           SY5           ARX1          ARX2          ARX3
              ________      ________      ________      ________      ________
 LX1            0.000         0.000         1.000         0.000         0.000
 LX2            0.000         0.000         0.000         1.000         0.000
 LX3            0.000         0.000         0.000         0.000         1.000
 LX4            0.000         0.000         0.000         0.000         0.000
 LX5            0.000         0.000         0.000         0.000         0.000
 LY1            0.000         0.000         0.000         0.000         0.000
 LY2            0.000         0.000         0.000         0.000         0.000
 LY3            0.000         0.000         0.000         0.000         0.000
 LY4            1.000         0.000         0.000         0.000         0.000
 LY5            0.000         1.000         0.000         0.000         0.000
 RI_X           0.000         0.000         0.000         0.000         0.000
 RI_Y           0.000         0.000         0.000         0.000         0.000
 SX1            0.000         0.000         0.000         0.000         0.000
 SX2            0.000         0.000         0.000         0.000         0.000
 SX3            0.000         0.000         0.000         0.000         0.000
 SX4            0.000         0.000         0.000         0.000         0.000
 SX5            0.000         0.000         0.000         0.000         0.000
 SY1            0.000         0.000         0.000         0.000         0.000
 SY2            0.000         0.000         0.000         0.000         0.000
 SY3            0.000         0.000         0.000         0.000         0.000
 SY4            0.000         0.000         0.000         0.000         0.000
 SY5            0.000         0.000         0.000         0.000         0.000
 ARX1           0.000         0.000         0.000         0.000         0.000
 ARX2           0.000         0.000         0.000         0.000         0.000
 ARX3           0.000         0.000         0.000         0.000         0.000
 ARX4           0.000         0.000         0.000         0.000         0.000
 ARX5           0.000         0.000         0.000         0.000         0.000
 ARY1           0.000         0.000         0.000         0.000         0.000
 ARY2           0.000         0.000         0.000         0.000         0.000
 ARY3           0.000         0.000         0.000         0.000         0.000
 ARY4           0.000         0.000         0.000         0.000         0.000
 ARY5           0.000         0.000         0.000         0.000         0.000


           BETA
              ARX4          ARX5          ARY1          ARY2          ARY3
              ________      ________      ________      ________      ________
 LX1            0.000         0.000         0.000         0.000         0.000
 LX2            0.000         0.000         0.000         0.000         0.000
 LX3            0.000         0.000         0.000         0.000         0.000
 LX4            1.000         0.000         0.000         0.000         0.000
 LX5            0.000         1.000         0.000         0.000         0.000
 LY1            0.000         0.000         1.000         0.000         0.000
 LY2            0.000         0.000         0.000         1.000         0.000
 LY3            0.000         0.000         0.000         0.000         1.000
 LY4            0.000         0.000         0.000         0.000         0.000
 LY5            0.000         0.000         0.000         0.000         0.000
 RI_X           0.000         0.000         0.000         0.000         0.000
 RI_Y           0.000         0.000         0.000         0.000         0.000
 SX1            0.000         0.000         0.000         0.000         0.000
 SX2            0.000         0.000         0.000         0.000         0.000
 SX3            0.000         0.000         0.000         0.000         0.000
 SX4            0.000         0.000         0.000         0.000         0.000
 SX5            0.000         0.000         0.000         0.000         0.000
 SY1            0.000         0.000         0.000         0.000         0.000
 SY2            0.000         0.000         0.000         0.000         0.000
 SY3            0.000         0.000         0.000         0.000         0.000
 SY4            0.000         0.000         0.000         0.000         0.000
 SY5            0.000         0.000         0.000         0.000         0.000
 ARX1           0.000         0.000         0.000         0.000         0.000
 ARX2           0.000         0.000         0.000         0.000         0.000
 ARX3           0.000         0.000         0.000         0.000         0.000
 ARX4           0.000         0.000         0.000         0.000         0.000
 ARX5           0.000         0.000         0.000         0.000         0.000
 ARY1           0.000         0.000         0.000         0.000         0.000
 ARY2           0.000         0.000         0.000         0.000         0.000
 ARY3           0.000         0.000         0.000         0.000         0.000
 ARY4           0.000         0.000         0.000         0.000         0.000
 ARY5           0.000         0.000         0.000         0.000         0.000


           BETA
              ARY4          ARY5
              ________      ________
 LX1            0.000         0.000
 LX2            0.000         0.000
 LX3            0.000         0.000
 LX4            0.000         0.000
 LX5            0.000         0.000
 LY1            0.000         0.000
 LY2            0.000         0.000
 LY3            0.000         0.000
 LY4            1.000         0.000
 LY5            0.000         1.000
 RI_X           0.000         0.000
 RI_Y           0.000         0.000
 SX1            0.000         0.000
 SX2            0.000         0.000
 SX3            0.000         0.000
 SX4            0.000         0.000
 SX5            0.000         0.000
 SY1            0.000         0.000
 SY2            0.000         0.000
 SY3            0.000         0.000
 SY4            0.000         0.000
 SY5            0.000         0.000
 ARX1           0.000         0.000
 ARX2           0.000         0.000
 ARX3           0.000         0.000
 ARX4           0.000         0.000
 ARX5           0.000         0.000
 ARY1           0.000         0.000
 ARY2           0.000         0.000
 ARY3           0.000         0.000
 ARY4           0.000         0.000
 ARY5           0.000         0.000


           PSI
              LX1           LX2           LX3           LX4           LX5
              ________      ________      ________      ________      ________
 LX1            0.000
 LX2            0.000         0.000
 LX3            0.000         0.000         0.000
 LX4            0.000         0.000         0.000         0.000
 LX5            0.000         0.000         0.000         0.000         0.000
 LY1            0.000         0.000         0.000         0.000         0.000
 LY2            0.000         0.000         0.000         0.000         0.000
 LY3            0.000         0.000         0.000         0.000         0.000
 LY4            0.000         0.000         0.000         0.000         0.000
 LY5            0.000         0.000         0.000         0.000         0.000
 RI_X           0.000         0.000         0.000         0.000         0.000
 RI_Y           0.000         0.000         0.000         0.000         0.000
 SX1            0.000         0.000         0.000         0.000         0.000
 SX2            0.000         0.000         0.000         0.000         0.000
 SX3            0.000         0.000         0.000         0.000         0.000
 SX4            0.000         0.000         0.000         0.000         0.000
 SX5            0.000         0.000         0.000         0.000         0.000
 SY1            0.000         0.000         0.000         0.000         0.000
 SY2            0.000         0.000         0.000         0.000         0.000
 SY3            0.000         0.000         0.000         0.000         0.000
 SY4            0.000         0.000         0.000         0.000         0.000
 SY5            0.000         0.000         0.000         0.000         0.000
 ARX1           0.000         0.000         0.000         0.000         0.000
 ARX2           0.000         0.000         0.000         0.000         0.000
 ARX3           0.000         0.000         0.000         0.000         0.000
 ARX4           0.000         0.000         0.000         0.000         0.000
 ARX5           0.000         0.000         0.000         0.000         0.000
 ARY1           0.000         0.000         0.000         0.000         0.000
 ARY2           0.000         0.000         0.000         0.000         0.000
 ARY3           0.000         0.000         0.000         0.000         0.000
 ARY4           0.000         0.000         0.000         0.000         0.000
 ARY5           0.000         0.000         0.000         0.000         0.000


           PSI
              LY1           LY2           LY3           LY4           LY5
              ________      ________      ________      ________      ________
 LY1            0.000
 LY2            0.000         0.000
 LY3            0.000         0.000         0.000
 LY4            0.000         0.000         0.000         0.000
 LY5            0.000         0.000         0.000         0.000         0.000
 RI_X           0.000         0.000         0.000         0.000         0.000
 RI_Y           0.000         0.000         0.000         0.000         0.000
 SX1            0.000         0.000         0.000         0.000         0.000
 SX2            0.000         0.000         0.000         0.000         0.000
 SX3            0.000         0.000         0.000         0.000         0.000
 SX4            0.000         0.000         0.000         0.000         0.000
 SX5            0.000         0.000         0.000         0.000         0.000
 SY1            0.000         0.000         0.000         0.000         0.000
 SY2            0.000         0.000         0.000         0.000         0.000
 SY3            0.000         0.000         0.000         0.000         0.000
 SY4            0.000         0.000         0.000         0.000         0.000
 SY5            0.000         0.000         0.000         0.000         0.000
 ARX1           0.000         0.000         0.000         0.000         0.000
 ARX2           0.000         0.000         0.000         0.000         0.000
 ARX3           0.000         0.000         0.000         0.000         0.000
 ARX4           0.000         0.000         0.000         0.000         0.000
 ARX5           0.000         0.000         0.000         0.000         0.000
 ARY1           0.000         0.000         0.000         0.000         0.000
 ARY2           0.000         0.000         0.000         0.000         0.000
 ARY3           0.000         0.000         0.000         0.000         0.000
 ARY4           0.000         0.000         0.000         0.000         0.000
 ARY5           0.000         0.000         0.000         0.000         0.000


           PSI
              RI_X          RI_Y          SX1           SX2           SX3
              ________      ________      ________      ________      ________
 RI_X           0.050
 RI_Y           0.000         0.050
 SX1            0.000         0.000         0.050
 SX2            0.000         0.000         0.000         0.050
 SX3            0.000         0.000         0.000         0.000         0.050
 SX4            0.000         0.000         0.000         0.000         0.000
 SX5            0.000         0.000         0.000         0.000         0.000
 SY1            0.000         0.000         0.000         0.000         0.000
 SY2            0.000         0.000         0.000         0.000         0.000
 SY3            0.000         0.000         0.000         0.000         0.000
 SY4            0.000         0.000         0.000         0.000         0.000
 SY5            0.000         0.000         0.000         0.000         0.000
 ARX1           0.000         0.000         0.000         0.000         0.000
 ARX2           0.000         0.000         0.000         0.000         0.000
 ARX3           0.000         0.000         0.000         0.000         0.000
 ARX4           0.000         0.000         0.000         0.000         0.000
 ARX5           0.000         0.000         0.000         0.000         0.000
 ARY1           0.000         0.000         0.000         0.000         0.000
 ARY2           0.000         0.000         0.000         0.000         0.000
 ARY3           0.000         0.000         0.000         0.000         0.000
 ARY4           0.000         0.000         0.000         0.000         0.000
 ARY5           0.000         0.000         0.000         0.000         0.000


           PSI
              SX4           SX5           SY1           SY2           SY3
              ________      ________      ________      ________      ________
 SX4            0.050
 SX5            0.000         0.050
 SY1            0.000         0.000         0.050
 SY2            0.000         0.000         0.000         0.050
 SY3            0.000         0.000         0.000         0.000         0.050
 SY4            0.000         0.000         0.000         0.000         0.000
 SY5            0.000         0.000         0.000         0.000         0.000
 ARX1           0.000         0.000         0.000         0.000         0.000
 ARX2           0.000         0.000         0.000         0.000         0.000
 ARX3           0.000         0.000         0.000         0.000         0.000
 ARX4           0.000         0.000         0.000         0.000         0.000
 ARX5           0.000         0.000         0.000         0.000         0.000
 ARY1           0.000         0.000         0.000         0.000         0.000
 ARY2           0.000         0.000         0.000         0.000         0.000
 ARY3           0.000         0.000         0.000         0.000         0.000
 ARY4           0.000         0.000         0.000         0.000         0.000
 ARY5           0.000         0.000         0.000         0.000         0.000


           PSI
              SY4           SY5           ARX1          ARX2          ARX3
              ________      ________      ________      ________      ________
 SY4            0.050
 SY5            0.000         0.050
 ARX1           0.000         0.000         0.050
 ARX2           0.000         0.000         0.000         0.050
 ARX3           0.000         0.000         0.000         0.000         0.050
 ARX4           0.000         0.000         0.000         0.000         0.000
 ARX5           0.000         0.000         0.000         0.000         0.000
 ARY1           0.000         0.000         0.000         0.000         0.000
 ARY2           0.000         0.000         0.000         0.000         0.000
 ARY3           0.000         0.000         0.000         0.000         0.000
 ARY4           0.000         0.000         0.000         0.000         0.000
 ARY5           0.000         0.000         0.000         0.000         0.000


           PSI
              ARX4          ARX5          ARY1          ARY2          ARY3
              ________      ________      ________      ________      ________
 ARX4           0.050
 ARX5           0.000         0.050
 ARY1           0.000         0.000         0.050
 ARY2           0.000         0.000         0.000         0.050
 ARY3           0.000         0.000         0.000         0.000         0.050
 ARY4           0.000         0.000         0.000         0.000         0.000
 ARY5           0.000         0.000         0.000         0.000         0.000


           PSI
              ARY4          ARY5
              ________      ________
 ARY4           0.050
 ARY5           0.000         0.050


     Beginning Time:  04:28:50
        Ending Time:  04:28:50
       Elapsed Time:  00:00:00



MUTHEN & MUTHEN
3463 Stoner Ave.
Los Angeles, CA  90066

Tel: (310) 391-9971
Fax: (310) 391-8971
Web: www.StatModel.com
Support: Support@StatModel.com

Copyright (c) 1998-2014 Muthen & Muthen
