Mplus VERSION 7.3 (Linux)
MUTHEN & MUTHEN
01/12/2024   8:08 PM

INPUT INSTRUCTIONS

  TITLE:
  starts

  DATA:
    file is sem.mplus.raw;
    type is individual;
    listwise = on;
  VARIABLE:
    names are
       X_1 X_2 X_3 X_4 X_5 Y_1
       Y_2 Y_3 Y_4 Y_5;
    missing are all (-999999);
  ANALYSIS:
    type = general;
    estimator = ML;
    information = expected;
    model = nocovariances;
  MODEL:
  !!! Automated Code for Mplus

  !!! No Phantom X Variables;

  !!! Observed Variables for X;
  lx1 by X_1@1;
  lx2 by X_2@1;
  lx3 by X_3@1;
  lx4 by X_4@1;
  lx5 by X_5@1;

  !!! Residual Variance Constrained to 0
  X_1@0;
  X_2@0;
  X_3@0;
  X_4@0;
  X_5@0;


  !!! Constrain Latent Occasion Residuals for X to 0
  lx1@0;
  lx2@0;
  lx3@0;
  lx4@0;
  lx5@0;

  !!! Stable Trait X;
  traitX by lx1@1;
  traitX by lx2@1;
  traitX by lx3@1;
  traitX by lx4@1;
  traitX by lx5@1;

  !!! Trait Variance for X
  traitX (tx);

  !!! Autoregressive Part for X;

  !!! Indicator Statements;
  arx1 by lx1@1;
  arx2 by lx2@1;
  arx3 by lx3@1;
  arx4 by lx4@1;
  arx5 by lx5@1;

  !!! Regression Statements;
  arx2 on arx1(a);
  arx3 on arx2(a2);
  arx4 on arx3(a3);
  arx5 on arx4(a4);

  !!! Autoregressive Component Variance for X
  arx1 (arvx);
  arx2 (arvx2);
  arx3 (arvx3);
  arx4 (arvx4);
  arx5 (arvx5);


  !!! States for X;
  sx1 by lx1@1;
  sx2 by lx2@1;
  sx3 by lx3@1;
  sx4 by lx4@1;
  sx5 by lx5@1;

  !!! State Variance for X;
  sx1 (sx);
  sx2 (sx2);
  sx3 (sx3);
  sx4 (sx4);
  sx5 (sx5);

  !!! No Phantom Y Variables;

  !!! Observed Variables for Y;
  ly1 by Y_1@1;
  ly2 by Y_2@1;
  ly3 by Y_3@1;
  ly4 by Y_4@1;
  ly5 by Y_5@1;

  !!! Residual Variance Constrained to 0
  Y_1@0;
  Y_2@0;
  Y_3@0;
  Y_4@0;
  Y_5@0;


  !!! Constrain Latent Occasion Residuals for Y to 0
  ly1@0;
  ly2@0;
  ly3@0;
  ly4@0;
  ly5@0;

  !!! Stable Trait Y;
  traitY by ly1@1;
  traitY by ly2@1;
  traitY by ly3@1;
  traitY by ly4@1;
  traitY by ly5@1;

  !!! Trait Variance for Y
  traitY (ty);

  !!! Autoregressive Part for Y;

  !!! Indicator Statements;
  ary1 by ly1@1;
  ary2 by ly2@1;
  ary3 by ly3@1;
  ary4 by ly4@1;
  ary5 by ly5@1;

  !!! Regression Statements;
  ary2 on ary1(b);
  ary3 on ary2(b2);
  ary4 on ary3(b3);
  ary5 on ary4(b4);

  !!! Autoregressive Component Variance for Y
  ary1 (arvy);
  ary2 (arvy2);
  ary3 (arvy3);
  ary4 (arvy4);
  ary5 (arvy5);


  !!! States for Y;
  sy1 by ly1@1;
  sy2 by ly2@1;
  sy3 by ly3@1;
  sy4 by ly4@1;
  sy5 by ly5@1;

  !!! State Variance for Y;
  sy1 (sy);
  sy2 (sy2);
  sy3 (sy3);
  sy4 (sy4);
  sy5 (sy5);


  !!! Cross-Lagged Paths

  !!! Y Predicted from X

  ary2 on arx1 (c);
  ary3 on arx2(c2);
  ary4 on arx3(c3);
  ary5 on arx4(c4);


  !!! Cross-Lagged Paths

  !!! X Predicted from Y

  arx2 on ary1 (d);
  arx3 on ary2(d2);
  arx4 on ary3(d3);
  arx5 on ary4(d4);


  !!! Stable Trait Correlations
  traitX with traitY(cov_txty);

  !!! AR Correlations
  arx1 with ary1(cov_xy);
  arx2 with ary2(cov_xyr2);
  arx3 with ary3(cov_xyr3);
  arx4 with ary4(cov_xyr4);
  arx5 with ary5(cov_xyr5);

  !!! State Correlations

  sx1 with sy1(cov_s);
  sx2 with sy2(cov_s2);
  sx3 with sy3(cov_s3);
  sx4 with sy4(cov_s4);
  sx5 with sy5(cov_s5);

  MODEL CONSTRAINT:

  !! Use constraints to specify Models;
  a2 = a;
  a3 = a;
  a4 = a;
  b2 = b;
  b3 = b;
  b4 = b;
  c2 = c;
  d2 = d;
  c3 = c;
  d3 = d;
  c4 = c;
  d4 = d;

  NEW(cor_txty);
  cor_txty = cov_txty / (sqrt(tx) * sqrt(ty));

  NEW(cor_arxary);
  cor_arxary = cov_xy/(sqrt(arvx) * sqrt(arvy));

  NEW(cor_sxsy);
  cor_sxsy = cov_s/(sqrt(sx) * sqrt(sy));

  arvx2 = arvx - arvx*a*a - 2*a*d*cov_xy - arvy*d*d;
  arvx3 = arvx2;
  arvx4 = arvx2;
  arvx5 = arvx2;

  arvy2 = arvy - arvy*b*b - 2*b*c*cov_xy - arvx*c*c;
  arvy3 = arvy2;
  arvy4 = arvy2;
  arvy5 = arvy2;

  sx2 = sx;
  sx3 = sx;
  sx4 = sx;
  sx5 = sx;

  sy2 = sy;
  sy3 = sy;
  sy4 = sy;
  sy5 = sy;

  cov_xyr2 = (1-a*b-c*d)*cov_xy - a*c*arvx - b*d*arvy;
  cov_xyr3 = cov_xyr2;
  cov_xyr4 = cov_xyr2;
  cov_xyr5 = cov_xyr2;

  cov_s = 0;
  cov_s2 = cov_s;
  cov_s3 = cov_s;
  cov_s4 = cov_s;
  cov_s5 = cov_s;



  tx > 0;
  ty > 0;
  arvx > 0;
  arvy > 0;
  sx > 0;
  sy > 0;
  cor_txty < 1;
  cor_txty > -1;
  cor_arxary < 1;
  cor_arxary > -1;
  cor_sxsy < 1;
  cor_sxsy > -1;
  NEW(trait.x);
  NEW(ar.p.x);
  NEW(st.p.x);
  NEW(stab.x);
  trait.x = tx/(tx + arvx + sx);
  ar.p.x = arvx/(tx + arvx + sx);
  st.p.x = sx/(tx + arvx + sx);
  stab.x = a;

  NEW(trait.y);
  NEW(ar.p.y);
  NEW(st.p.y);
  NEW(stab.y);
  trait.y = ty/(ty + arvy + sy);
  ar.p.y = arvy/(ty + arvy + sy);
  st.p.y = sy/(ty + arvy + sy);
  stab.y = b;

  OUTPUT:
  stdyx;
    cinterval;




INPUT READING TERMINATED NORMALLY




starts

SUMMARY OF ANALYSIS

Number of groups                                                 1
Number of observations                                        1000

Number of dependent variables                                   10
Number of independent variables                                  0
Number of continuous latent variables                           32

Observed dependent variables

  Continuous
   X_1         X_2         X_3         X_4         X_5         Y_1
   Y_2         Y_3         Y_4         Y_5

Continuous latent variables
   LX1         LX2         LX3         LX4         LX5         TRAITX
   ARX1        ARX2        ARX3        ARX4        ARX5        SX1
   SX2         SX3         SX4         SX5         LY1         LY2
   LY3         LY4         LY5         TRAITY      ARY1        ARY2
   ARY3        ARY4        ARY5        SY1         SY2         SY3
   SY4         SY5


Estimator                                                       ML
Information matrix                                        EXPECTED
Maximum number of iterations                                  1000
Convergence criterion                                    0.500D-04
Maximum number of steepest descent iterations                   20

Input data file(s)
  sem.mplus.raw

Input data format  FREE



THE MODEL ESTIMATION TERMINATED NORMALLY



MODEL FIT INFORMATION

Number of Free Parameters                       22

Loglikelihood

          H0 Value                      -18000.431
          H1 Value                      -17975.848

Information Criteria

          Akaike (AIC)                   36044.863
          Bayesian (BIC)                 36152.833
          Sample-Size Adjusted BIC       36082.960
            (n* = (n + 2) / 24)

Chi-Square Test of Model Fit

          Value                             49.167
          Degrees of Freedom                    43
          P-Value                           0.2398

RMSEA (Root Mean Square Error Of Approximation)

          Estimate                           0.012
          90 Percent C.I.                    0.000  0.025
          Probability RMSEA <= .05           1.000

CFI/TLI

          CFI                                0.998
          TLI                                0.998

Chi-Square Test of Model Fit for the Baseline Model

          Value                           3249.961
          Degrees of Freedom                    45
          P-Value                           0.0000

SRMR (Standardized Root Mean Square Residual)

          Value                              0.028



MODEL RESULTS

                                                    Two-Tailed
                    Estimate       S.E.  Est./S.E.    P-Value

 LX1      BY
    X_1                1.000      0.000    999.000    999.000

 LX2      BY
    X_2                1.000      0.000    999.000    999.000

 LX3      BY
    X_3                1.000      0.000    999.000    999.000

 LX4      BY
    X_4                1.000      0.000    999.000    999.000

 LX5      BY
    X_5                1.000      0.000    999.000    999.000

 LY1      BY
    Y_1                1.000      0.000    999.000    999.000

 LY2      BY
    Y_2                1.000      0.000    999.000    999.000

 LY3      BY
    Y_3                1.000      0.000    999.000    999.000

 LY4      BY
    Y_4                1.000      0.000    999.000    999.000

 LY5      BY
    Y_5                1.000      0.000    999.000    999.000

 TRAITX   BY
    LX1                1.000      0.000    999.000    999.000
    LX2                1.000      0.000    999.000    999.000
    LX3                1.000      0.000    999.000    999.000
    LX4                1.000      0.000    999.000    999.000
    LX5                1.000      0.000    999.000    999.000

 ARX1     BY
    LX1                1.000      0.000    999.000    999.000

 ARX2     BY
    LX2                1.000      0.000    999.000    999.000

 ARX3     BY
    LX3                1.000      0.000    999.000    999.000

 ARX4     BY
    LX4                1.000      0.000    999.000    999.000

 ARX5     BY
    LX5                1.000      0.000    999.000    999.000

 SX1      BY
    LX1                1.000      0.000    999.000    999.000

 SX2      BY
    LX2                1.000      0.000    999.000    999.000

 SX3      BY
    LX3                1.000      0.000    999.000    999.000

 SX4      BY
    LX4                1.000      0.000    999.000    999.000

 SX5      BY
    LX5                1.000      0.000    999.000    999.000

 TRAITY   BY
    LY1                1.000      0.000    999.000    999.000
    LY2                1.000      0.000    999.000    999.000
    LY3                1.000      0.000    999.000    999.000
    LY4                1.000      0.000    999.000    999.000
    LY5                1.000      0.000    999.000    999.000

 ARY1     BY
    LY1                1.000      0.000    999.000    999.000

 ARY2     BY
    LY2                1.000      0.000    999.000    999.000

 ARY3     BY
    LY3                1.000      0.000    999.000    999.000

 ARY4     BY
    LY4                1.000      0.000    999.000    999.000

 ARY5     BY
    LY5                1.000      0.000    999.000    999.000

 SY1      BY
    LY1                1.000      0.000    999.000    999.000

 SY2      BY
    LY2                1.000      0.000    999.000    999.000

 SY3      BY
    LY3                1.000      0.000    999.000    999.000

 SY4      BY
    LY4                1.000      0.000    999.000    999.000

 SY5      BY
    LY5                1.000      0.000    999.000    999.000

 ARX2     ON
    ARX1               0.253      0.461      0.549      0.583
    ARY1               0.212      0.268      0.790      0.429

 ARX3     ON
    ARX2               0.253      0.461      0.549      0.583
    ARY2               0.212      0.268      0.790      0.429

 ARX4     ON
    ARX3               0.253      0.461      0.549      0.583
    ARY3               0.212      0.268      0.790      0.429

 ARX5     ON
    ARX4               0.253      0.461      0.549      0.583
    ARY4               0.212      0.268      0.790      0.429

 ARY2     ON
    ARY1               0.545      0.314      1.735      0.083
    ARX1               0.137      0.268      0.511      0.610

 ARY3     ON
    ARY2               0.545      0.314      1.735      0.083
    ARX2               0.137      0.268      0.511      0.610

 ARY4     ON
    ARY3               0.545      0.314      1.735      0.083
    ARX3               0.137      0.268      0.511      0.610

 ARY5     ON
    ARY4               0.545      0.314      1.735      0.083
    ARX4               0.137      0.268      0.511      0.610

 TRAITX   WITH
    TRAITY             0.403      0.137      2.946      0.003

 ARX1     WITH
    ARY1               0.562      0.132      4.269      0.000

 ARX2     WITH
    ARY2               0.290      0.051      5.700      0.000

 ARX3     WITH
    ARY3               0.290      0.051      5.700      0.000

 ARX4     WITH
    ARY4               0.290      0.051      5.700      0.000

 ARX5     WITH
    ARY5               0.290      0.051      5.700      0.000

 SX1      WITH
    SY1                0.000      0.000    999.000    999.000

 SX2      WITH
    SY2                0.000      0.000    999.000    999.000

 SX3      WITH
    SY3                0.000      0.000    999.000    999.000

 SX4      WITH
    SY4                0.000      0.000    999.000    999.000

 SX5      WITH
    SY5                0.000      0.000    999.000    999.000

 Intercepts
    X_1               -0.067      0.055     -1.211      0.226
    X_2               -0.078      0.055     -1.417      0.157
    X_3                0.004      0.055      0.074      0.941
    X_4               -0.022      0.055     -0.405      0.685
    X_5                0.066      0.055      1.203      0.229
    Y_1               -0.045      0.054     -0.836      0.403
    Y_2               -0.069      0.054     -1.283      0.199
    Y_3                0.001      0.054      0.012      0.990
    Y_4               -0.029      0.054     -0.541      0.589
    Y_5                0.004      0.054      0.074      0.941

 Variances
    TRAITX             1.072      0.115      9.341      0.000
    ARX1               1.293      1.570      0.824      0.410
    SX1                0.657      1.610      0.408      0.683
    SX2                0.657      1.610      0.408      0.683
    SX3                0.657      1.610      0.408      0.683
    SX4                0.657      1.610      0.408      0.683
    SX5                0.657      1.610      0.408      0.683
    TRAITY             0.795      0.278      2.854      0.004
    ARY1               1.151      0.142      8.087      0.000
    SY1                0.936      0.236      3.972      0.000
    SY2                0.936      0.236      3.972      0.000
    SY3                0.936      0.236      3.972      0.000
    SY4                0.936      0.236      3.972      0.000
    SY5                0.936      0.236      3.972      0.000

 Residual Variances
    X_1                0.000      0.000    999.000    999.000
    X_2                0.000      0.000    999.000    999.000
    X_3                0.000      0.000    999.000    999.000
    X_4                0.000      0.000    999.000    999.000
    X_5                0.000      0.000    999.000    999.000
    Y_1                0.000      0.000    999.000    999.000
    Y_2                0.000      0.000    999.000    999.000
    Y_3                0.000      0.000    999.000    999.000
    Y_4                0.000      0.000    999.000    999.000
    Y_5                0.000      0.000    999.000    999.000
    LX1                0.000      0.000    999.000    999.000
    LX2                0.000      0.000    999.000    999.000
    LX3                0.000      0.000    999.000    999.000
    LX4                0.000      0.000    999.000    999.000
    LX5                0.000      0.000    999.000    999.000
    ARX2               1.098      1.674      0.656      0.512
    ARX3               1.098      1.674      0.656      0.512
    ARX4               1.098      1.674      0.656      0.512
    ARX5               1.098      1.674      0.656      0.512
    LY1                0.000      0.000    999.000    999.000
    LY2                0.000      0.000    999.000    999.000
    LY3                0.000      0.000    999.000    999.000
    LY4                0.000      0.000    999.000    999.000
    LY5                0.000      0.000    999.000    999.000
    ARY2               0.702      0.241      2.908      0.004
    ARY3               0.702      0.241      2.908      0.004
    ARY4               0.702      0.241      2.908      0.004
    ARY5               0.702      0.241      2.908      0.004

New/Additional Parameters
    COR_TXTY           0.436      0.077      5.687      0.000
    COR_ARXA           0.460      0.249      1.852      0.064
    COR_SXSY           0.000      0.000      0.000      1.000
    TRAIT.X            0.355      0.034     10.472      0.000
    AR.P.X             0.428      0.519      0.824      0.410
    ST.P.X             0.218      0.533      0.408      0.683
    STAB.X             0.253      0.461      0.549      0.583
    TRAIT.Y            0.276      0.096      2.871      0.004
    AR.P.Y             0.399      0.048      8.257      0.000
    ST.P.Y             0.325      0.082      3.981      0.000
    STAB.Y             0.545      0.314      1.735      0.083


STANDARDIZED MODEL RESULTS


STDYX Standardization

                                                    Two-Tailed
                    Estimate       S.E.  Est./S.E.    P-Value

 LX1      BY
    X_1                1.000      0.000    999.000    999.000

 LX2      BY
    X_2                1.000      0.000    999.000    999.000

 LX3      BY
    X_3                1.000      0.000    999.000    999.000

 LX4      BY
    X_4                1.000      0.000    999.000    999.000

 LX5      BY
    X_5                1.000      0.000    999.000    999.000

 LY1      BY
    Y_1                1.000      0.000    999.000    999.000

 LY2      BY
    Y_2                1.000      0.000    999.000    999.000

 LY3      BY
    Y_3                1.000      0.000    999.000    999.000

 LY4      BY
    Y_4                1.000      0.000    999.000    999.000

 LY5      BY
    Y_5                1.000      0.000    999.000    999.000

 TRAITX   BY
    LX1                0.596      0.028     20.944      0.000
    LX2                0.596      0.028     20.944      0.000
    LX3                0.596      0.028     20.944      0.000
    LX4                0.596      0.028     20.944      0.000
    LX5                0.596      0.028     20.944      0.000

 ARX1     BY
    LX1                0.654      0.397      1.648      0.099

 ARX2     BY
    LX2                0.654      0.397      1.648      0.099

 ARX3     BY
    LX3                0.654      0.397      1.648      0.099

 ARX4     BY
    LX4                0.654      0.397      1.648      0.099

 ARX5     BY
    LX5                0.654      0.397      1.648      0.099

 SX1      BY
    LX1                0.466      0.571      0.816      0.414

 SX2      BY
    LX2                0.466      0.571      0.816      0.414

 SX3      BY
    LX3                0.466      0.571      0.816      0.414

 SX4      BY
    LX4                0.466      0.571      0.816      0.414

 SX5      BY
    LX5                0.466      0.571      0.816      0.414

 TRAITY   BY
    LY1                0.525      0.091      5.741      0.000
    LY2                0.525      0.091      5.741      0.000
    LY3                0.525      0.091      5.741      0.000
    LY4                0.525      0.091      5.741      0.000
    LY5                0.525      0.091      5.741      0.000

 ARY1     BY
    LY1                0.632      0.038     16.514      0.000

 ARY2     BY
    LY2                0.632      0.038     16.514      0.000

 ARY3     BY
    LY3                0.632      0.038     16.514      0.000

 ARY4     BY
    LY4                0.632      0.038     16.514      0.000

 ARY5     BY
    LY5                0.632      0.038     16.514      0.000

 SY1      BY
    LY1                0.570      0.072      7.961      0.000

 SY2      BY
    LY2                0.570      0.072      7.961      0.000

 SY3      BY
    LY3                0.570      0.072      7.961      0.000

 SY4      BY
    LY4                0.570      0.072      7.961      0.000

 SY5      BY
    LY5                0.570      0.072      7.961      0.000

 ARX2     ON
    ARX1               0.253      0.461      0.549      0.583
    ARY1               0.200      0.140      1.422      0.155

 ARX3     ON
    ARX2               0.253      0.461      0.549      0.583
    ARY2               0.200      0.140      1.422      0.155

 ARX4     ON
    ARX3               0.253      0.461      0.549      0.583
    ARY3               0.200      0.140      1.422      0.155

 ARX5     ON
    ARX4               0.253      0.461      0.549      0.583
    ARY4               0.200      0.140      1.422      0.155

 ARY2     ON
    ARY1               0.545      0.314      1.735      0.083
    ARX1               0.145      0.199      0.730      0.466

 ARY3     ON
    ARY2               0.545      0.314      1.735      0.083
    ARX2               0.145      0.199      0.730      0.466

 ARY4     ON
    ARY3               0.545      0.314      1.735      0.083
    ARX3               0.145      0.199      0.730      0.466

 ARY5     ON
    ARY4               0.545      0.314      1.735      0.083
    ARX4               0.145      0.199      0.730      0.466

 TRAITX   WITH
    TRAITY             0.436      0.077      5.687      0.000

 ARX1     WITH
    ARY1               0.460      0.249      1.852      0.064

 ARX2     WITH
    ARY2               0.331      0.173      1.916      0.055

 ARX3     WITH
    ARY3               0.331      0.173      1.916      0.055

 ARX4     WITH
    ARY4               0.331      0.173      1.916      0.055

 ARX5     WITH
    ARY5               0.331      0.173      1.916      0.055

 SX1      WITH
    SY1                0.000      0.000    999.000    999.000

 SX2      WITH
    SY2                0.000      0.000    999.000    999.000

 SX3      WITH
    SY3                0.000      0.000    999.000    999.000

 SX4      WITH
    SY4                0.000      0.000    999.000    999.000

 SX5      WITH
    SY5                0.000      0.000    999.000    999.000

 Intercepts
    X_1               -0.038      0.032     -1.211      0.226
    X_2               -0.045      0.032     -1.416      0.157
    X_3                0.002      0.032      0.074      0.941
    X_4               -0.013      0.032     -0.405      0.685
    X_5                0.038      0.032      1.203      0.229
    Y_1               -0.026      0.032     -0.836      0.403
    Y_2               -0.041      0.032     -1.283      0.199
    Y_3                0.000      0.032      0.012      0.990
    Y_4               -0.017      0.032     -0.541      0.589
    Y_5                0.002      0.032      0.074      0.941

 Variances
    TRAITX             1.000      0.000    999.000    999.000
    ARX1               1.000      0.000    999.000    999.000
    SX1                1.000      0.000    999.000    999.000
    SX2                1.000      0.000    999.000    999.000
    SX3                1.000      0.000    999.000    999.000
    SX4                1.000      0.000    999.000    999.000
    SX5                1.000      0.000    999.000    999.000
    TRAITY             1.000      0.000    999.000    999.000
    ARY1               1.000      0.000    999.000    999.000
    SY1                1.000      0.000    999.000    999.000
    SY2                1.000      0.000    999.000    999.000
    SY3                1.000      0.000    999.000    999.000
    SY4                1.000      0.000    999.000    999.000
    SY5                1.000      0.000    999.000    999.000

 Residual Variances
    X_1                0.000    999.000    999.000    999.000
    X_2                0.000    999.000    999.000    999.000
    X_3                0.000    999.000    999.000    999.000
    X_4                0.000    999.000    999.000    999.000
    X_5                0.000    999.000    999.000    999.000
    Y_1                0.000    999.000    999.000    999.000
    Y_2                0.000    999.000    999.000    999.000
    Y_3                0.000    999.000    999.000    999.000
    Y_4                0.000    999.000    999.000    999.000
    Y_5                0.000    999.000    999.000    999.000
    LX1                0.000    999.000    999.000    999.000
    LX2                0.000    999.000    999.000    999.000
    LX3                0.000    999.000    999.000    999.000
    LX4                0.000    999.000    999.000    999.000
    LX5                0.000    999.000    999.000    999.000
    ARX2               0.849      0.268      3.165      0.002
    ARX3               0.849      0.268      3.165      0.002
    ARX4               0.849      0.268      3.165      0.002
    ARX5               0.849      0.268      3.165      0.002
    LY1                0.000    999.000    999.000    999.000
    LY2                0.000    999.000    999.000    999.000
    LY3                0.000    999.000    999.000    999.000
    LY4                0.000    999.000    999.000    999.000
    LY5                0.000    999.000    999.000    999.000
    ARY2               0.609      0.222      2.743      0.006
    ARY3               0.609      0.222      2.743      0.006
    ARY4               0.609      0.222      2.743      0.006
    ARY5               0.609      0.222      2.743      0.006


R-SQUARE

    Observed                                        Two-Tailed
    Variable        Estimate       S.E.  Est./S.E.    P-Value

    X_1                1.000    999.000    999.000    999.000
    X_2                1.000    999.000    999.000    999.000
    X_3                1.000    999.000    999.000    999.000
    X_4                1.000    999.000    999.000    999.000
    X_5                1.000    999.000    999.000    999.000
    Y_1                1.000    999.000    999.000    999.000
    Y_2                1.000    999.000    999.000    999.000
    Y_3                1.000    999.000    999.000    999.000
    Y_4                1.000    999.000    999.000    999.000
    Y_5                1.000    999.000    999.000    999.000

     Latent                                         Two-Tailed
    Variable        Estimate       S.E.  Est./S.E.    P-Value

    LX1                1.000    999.000    999.000    999.000
    LX2                1.000    999.000    999.000    999.000
    LX3                1.000    999.000    999.000    999.000
    LX4                1.000    999.000    999.000    999.000
    LX5                1.000    999.000    999.000    999.000
    ARX2               0.151      0.268      0.561      0.575
    ARX3               0.151      0.268      0.561      0.575
    ARX4               0.151      0.268      0.561      0.575
    ARX5               0.151      0.268      0.561      0.575
    LY1                1.000    999.000    999.000    999.000
    LY2                1.000    999.000    999.000    999.000
    LY3                1.000    999.000    999.000    999.000
    LY4                1.000    999.000    999.000    999.000
    LY5                1.000    999.000    999.000    999.000
    ARY2               0.391      0.222      1.758      0.079
    ARY3               0.391      0.222      1.758      0.079
    ARY4               0.391      0.222      1.758      0.079
    ARY5               0.391      0.222      1.758      0.079


QUALITY OF NUMERICAL RESULTS

     Condition Number for the Information Matrix              0.302E-04
       (ratio of smallest to largest eigenvalue)


CONFIDENCE INTERVALS OF MODEL RESULTS

                  Lower .5%  Lower 2.5%    Lower 5%    Estimate    Upper 5%  Upper 2.5%   Upper .5%

 LX1      BY
    X_1              1.000       1.000       1.000       1.000       1.000       1.000       1.000

 LX2      BY
    X_2              1.000       1.000       1.000       1.000       1.000       1.000       1.000

 LX3      BY
    X_3              1.000       1.000       1.000       1.000       1.000       1.000       1.000

 LX4      BY
    X_4              1.000       1.000       1.000       1.000       1.000       1.000       1.000

 LX5      BY
    X_5              1.000       1.000       1.000       1.000       1.000       1.000       1.000

 LY1      BY
    Y_1              1.000       1.000       1.000       1.000       1.000       1.000       1.000

 LY2      BY
    Y_2              1.000       1.000       1.000       1.000       1.000       1.000       1.000

 LY3      BY
    Y_3              1.000       1.000       1.000       1.000       1.000       1.000       1.000

 LY4      BY
    Y_4              1.000       1.000       1.000       1.000       1.000       1.000       1.000

 LY5      BY
    Y_5              1.000       1.000       1.000       1.000       1.000       1.000       1.000

 TRAITX   BY
    LX1              1.000       1.000       1.000       1.000       1.000       1.000       1.000
    LX2              1.000       1.000       1.000       1.000       1.000       1.000       1.000
    LX3              1.000       1.000       1.000       1.000       1.000       1.000       1.000
    LX4              1.000       1.000       1.000       1.000       1.000       1.000       1.000
    LX5              1.000       1.000       1.000       1.000       1.000       1.000       1.000

 ARX1     BY
    LX1              1.000       1.000       1.000       1.000       1.000       1.000       1.000

 ARX2     BY
    LX2              1.000       1.000       1.000       1.000       1.000       1.000       1.000

 ARX3     BY
    LX3              1.000       1.000       1.000       1.000       1.000       1.000       1.000

 ARX4     BY
    LX4              1.000       1.000       1.000       1.000       1.000       1.000       1.000

 ARX5     BY
    LX5              1.000       1.000       1.000       1.000       1.000       1.000       1.000

 SX1      BY
    LX1              1.000       1.000       1.000       1.000       1.000       1.000       1.000

 SX2      BY
    LX2              1.000       1.000       1.000       1.000       1.000       1.000       1.000

 SX3      BY
    LX3              1.000       1.000       1.000       1.000       1.000       1.000       1.000

 SX4      BY
    LX4              1.000       1.000       1.000       1.000       1.000       1.000       1.000

 SX5      BY
    LX5              1.000       1.000       1.000       1.000       1.000       1.000       1.000

 TRAITY   BY
    LY1              1.000       1.000       1.000       1.000       1.000       1.000       1.000
    LY2              1.000       1.000       1.000       1.000       1.000       1.000       1.000
    LY3              1.000       1.000       1.000       1.000       1.000       1.000       1.000
    LY4              1.000       1.000       1.000       1.000       1.000       1.000       1.000
    LY5              1.000       1.000       1.000       1.000       1.000       1.000       1.000

 ARY1     BY
    LY1              1.000       1.000       1.000       1.000       1.000       1.000       1.000

 ARY2     BY
    LY2              1.000       1.000       1.000       1.000       1.000       1.000       1.000

 ARY3     BY
    LY3              1.000       1.000       1.000       1.000       1.000       1.000       1.000

 ARY4     BY
    LY4              1.000       1.000       1.000       1.000       1.000       1.000       1.000

 ARY5     BY
    LY5              1.000       1.000       1.000       1.000       1.000       1.000       1.000

 SY1      BY
    LY1              1.000       1.000       1.000       1.000       1.000       1.000       1.000

 SY2      BY
    LY2              1.000       1.000       1.000       1.000       1.000       1.000       1.000

 SY3      BY
    LY3              1.000       1.000       1.000       1.000       1.000       1.000       1.000

 SY4      BY
    LY4              1.000       1.000       1.000       1.000       1.000       1.000       1.000

 SY5      BY
    LY5              1.000       1.000       1.000       1.000       1.000       1.000       1.000

 ARX2     ON
    ARX1            -0.934      -0.650      -0.505       0.253       1.012       1.157       1.441
    ARY1            -0.478      -0.313      -0.229       0.212       0.652       0.736       0.901

 ARX3     ON
    ARX2            -0.934      -0.650      -0.505       0.253       1.012       1.157       1.441
    ARY2            -0.478      -0.313      -0.229       0.212       0.652       0.736       0.901

 ARX4     ON
    ARX3            -0.934      -0.650      -0.505       0.253       1.012       1.157       1.441
    ARY3            -0.478      -0.313      -0.229       0.212       0.652       0.736       0.901

 ARX5     ON
    ARX4            -0.934      -0.650      -0.505       0.253       1.012       1.157       1.441
    ARY4            -0.478      -0.313      -0.229       0.212       0.652       0.736       0.901

 ARY2     ON
    ARY1            -0.264      -0.070       0.028       0.545       1.061       1.160       1.353
    ARX1            -0.553      -0.388      -0.304       0.137       0.577       0.662       0.827

 ARY3     ON
    ARY2            -0.264      -0.070       0.028       0.545       1.061       1.160       1.353
    ARX2            -0.553      -0.388      -0.304       0.137       0.577       0.662       0.827

 ARY4     ON
    ARY3            -0.264      -0.070       0.028       0.545       1.061       1.160       1.353
    ARX3            -0.553      -0.388      -0.304       0.137       0.577       0.662       0.827

 ARY5     ON
    ARY4            -0.264      -0.070       0.028       0.545       1.061       1.160       1.353
    ARX4            -0.553      -0.388      -0.304       0.137       0.577       0.662       0.827

 TRAITX   WITH
    TRAITY           0.051       0.135       0.178       0.403       0.627       0.670       0.754

 ARX1     WITH
    ARY1             0.223       0.304       0.345       0.562       0.778       0.820       0.901

 ARX2     WITH
    ARY2             0.159       0.191       0.207       0.290       0.374       0.390       0.422

 ARX3     WITH
    ARY3             0.159       0.191       0.207       0.290       0.374       0.390       0.422

 ARX4     WITH
    ARY4             0.159       0.191       0.207       0.290       0.374       0.390       0.422

 ARX5     WITH
    ARY5             0.159       0.191       0.207       0.290       0.374       0.390       0.422

 SX1      WITH
    SY1              0.000       0.000       0.000       0.000       0.000       0.000       0.000

 SX2      WITH
    SY2              0.000       0.000       0.000       0.000       0.000       0.000       0.000

 SX3      WITH
    SY3              0.000       0.000       0.000       0.000       0.000       0.000       0.000

 SX4      WITH
    SY4              0.000       0.000       0.000       0.000       0.000       0.000       0.000

 SX5      WITH
    SY5              0.000       0.000       0.000       0.000       0.000       0.000       0.000

 Intercepts
    X_1             -0.208      -0.174      -0.157      -0.067       0.024       0.041       0.075
    X_2             -0.219      -0.186      -0.168      -0.078       0.013       0.030       0.064
    X_3             -0.138      -0.104      -0.086       0.004       0.094       0.112       0.146
    X_4             -0.164      -0.130      -0.113      -0.022       0.068       0.085       0.119
    X_5             -0.075      -0.042      -0.024       0.066       0.157       0.174       0.208
    Y_1             -0.183      -0.150      -0.133      -0.045       0.043       0.060       0.093
    Y_2             -0.207      -0.174      -0.157      -0.069       0.019       0.036       0.069
    Y_3             -0.138      -0.105      -0.088       0.001       0.089       0.106       0.139
    Y_4             -0.167      -0.134      -0.117      -0.029       0.059       0.076       0.109
    Y_5             -0.134      -0.101      -0.084       0.004       0.092       0.109       0.142

 Variances
    TRAITX           0.776       0.847       0.883       1.072       1.261       1.297       1.367
    ARX1            -2.751      -1.784      -1.289       1.293       3.875       4.370       5.336
    SX1             -3.490      -2.499      -1.992       0.657       3.307       3.814       4.805
    SX2             -3.490      -2.499      -1.992       0.657       3.307       3.814       4.805
    SX3             -3.490      -2.499      -1.992       0.657       3.307       3.814       4.805
    SX4             -3.490      -2.499      -1.992       0.657       3.307       3.814       4.805
    SX5             -3.490      -2.499      -1.992       0.657       3.307       3.814       4.805
    TRAITY           0.078       0.249       0.337       0.795       1.253       1.340       1.512
    ARY1             0.784       0.872       0.917       1.151       1.385       1.430       1.518
    SY1              0.329       0.474       0.549       0.936       1.324       1.399       1.544
    SY2              0.329       0.474       0.549       0.936       1.324       1.399       1.544
    SY3              0.329       0.474       0.549       0.936       1.324       1.399       1.544
    SY4              0.329       0.474       0.549       0.936       1.324       1.399       1.544
    SY5              0.329       0.474       0.549       0.936       1.324       1.399       1.544

 Residual Variances
    X_1              0.000       0.000       0.000       0.000       0.000       0.000       0.000
    X_2              0.000       0.000       0.000       0.000       0.000       0.000       0.000
    X_3              0.000       0.000       0.000       0.000       0.000       0.000       0.000
    X_4              0.000       0.000       0.000       0.000       0.000       0.000       0.000
    X_5              0.000       0.000       0.000       0.000       0.000       0.000       0.000
    Y_1              0.000       0.000       0.000       0.000       0.000       0.000       0.000
    Y_2              0.000       0.000       0.000       0.000       0.000       0.000       0.000
    Y_3              0.000       0.000       0.000       0.000       0.000       0.000       0.000
    Y_4              0.000       0.000       0.000       0.000       0.000       0.000       0.000
    Y_5              0.000       0.000       0.000       0.000       0.000       0.000       0.000
    LX1              0.000       0.000       0.000       0.000       0.000       0.000       0.000
    LX2              0.000       0.000       0.000       0.000       0.000       0.000       0.000
    LX3              0.000       0.000       0.000       0.000       0.000       0.000       0.000
    LX4              0.000       0.000       0.000       0.000       0.000       0.000       0.000
    LX5              0.000       0.000       0.000       0.000       0.000       0.000       0.000
    ARX2            -3.213      -2.182      -1.655       1.098       3.851       4.379       5.409
    ARX3            -3.213      -2.182      -1.655       1.098       3.851       4.379       5.409
    ARX4            -3.213      -2.182      -1.655       1.098       3.851       4.379       5.409
    ARX5            -3.213      -2.182      -1.655       1.098       3.851       4.379       5.409
    LY1              0.000       0.000       0.000       0.000       0.000       0.000       0.000
    LY2              0.000       0.000       0.000       0.000       0.000       0.000       0.000
    LY3              0.000       0.000       0.000       0.000       0.000       0.000       0.000
    LY4              0.000       0.000       0.000       0.000       0.000       0.000       0.000
    LY5              0.000       0.000       0.000       0.000       0.000       0.000       0.000
    ARY2             0.080       0.229       0.305       0.702       1.098       1.174       1.323
    ARY3             0.080       0.229       0.305       0.702       1.098       1.174       1.323
    ARY4             0.080       0.229       0.305       0.702       1.098       1.174       1.323
    ARY5             0.080       0.229       0.305       0.702       1.098       1.174       1.323

New/Additional Parameters
    COR_TXTY         0.239       0.286       0.310       0.436       0.562       0.586       0.634
    COR_ARXA        -0.180      -0.027       0.051       0.460       0.869       0.948       1.101
    COR_SXSY         0.000       0.000       0.000       0.000       0.000       0.000       0.000
    TRAIT.X          0.267       0.288       0.299       0.355       0.410       0.421       0.442
    AR.P.X          -0.910      -0.590      -0.426       0.428       1.282       1.445       1.765
    ST.P.X          -1.155      -0.827      -0.659       0.218       1.094       1.262       1.590
    STAB.X          -0.934      -0.650      -0.505       0.253       1.012       1.157       1.441
    TRAIT.Y          0.028       0.087       0.118       0.276       0.434       0.464       0.523
    AR.P.Y           0.275       0.305       0.320       0.399       0.479       0.494       0.524
    ST.P.Y           0.115       0.165       0.191       0.325       0.459       0.485       0.535
    STAB.Y          -0.264      -0.070       0.028       0.545       1.061       1.160       1.353


CONFIDENCE INTERVALS OF STANDARDIZED MODEL RESULTS


STDYX Standardization

                  Lower .5%  Lower 2.5%    Lower 5%    Estimate    Upper 5%  Upper 2.5%   Upper .5%

 LX1      BY
    X_1              1.000       1.000       1.000       1.000       1.000       1.000       1.000

 LX2      BY
    X_2              1.000       1.000       1.000       1.000       1.000       1.000       1.000

 LX3      BY
    X_3              1.000       1.000       1.000       1.000       1.000       1.000       1.000

 LX4      BY
    X_4              1.000       1.000       1.000       1.000       1.000       1.000       1.000

 LX5      BY
    X_5              1.000       1.000       1.000       1.000       1.000       1.000       1.000

 LY1      BY
    Y_1              1.000       1.000       1.000       1.000       1.000       1.000       1.000

 LY2      BY
    Y_2              1.000       1.000       1.000       1.000       1.000       1.000       1.000

 LY3      BY
    Y_3              1.000       1.000       1.000       1.000       1.000       1.000       1.000

 LY4      BY
    Y_4              1.000       1.000       1.000       1.000       1.000       1.000       1.000

 LY5      BY
    Y_5              1.000       1.000       1.000       1.000       1.000       1.000       1.000

 TRAITX   BY
    LX1              0.522       0.540       0.549       0.596       0.642       0.651       0.669
    LX2              0.522       0.540       0.549       0.596       0.642       0.651       0.669
    LX3              0.522       0.540       0.549       0.596       0.642       0.651       0.669
    LX4              0.522       0.540       0.549       0.596       0.642       0.651       0.669
    LX5              0.522       0.540       0.549       0.596       0.642       0.651       0.669

 ARX1     BY
    LX1             -0.368      -0.124       0.001       0.654       1.307       1.432       1.676

 ARX2     BY
    LX2             -0.368      -0.124       0.001       0.654       1.307       1.432       1.676

 ARX3     BY
    LX3             -0.368      -0.124       0.001       0.654       1.307       1.432       1.676

 ARX4     BY
    LX4             -0.368      -0.124       0.001       0.654       1.307       1.432       1.676

 ARX5     BY
    LX5             -0.368      -0.124       0.001       0.654       1.307       1.432       1.676

 SX1      BY
    LX1             -1.005      -0.653      -0.473       0.466       1.406       1.586       1.938

 SX2      BY
    LX2             -1.005      -0.653      -0.473       0.466       1.406       1.586       1.938

 SX3      BY
    LX3             -1.005      -0.653      -0.473       0.466       1.406       1.586       1.938

 SX4      BY
    LX4             -1.005      -0.653      -0.473       0.466       1.406       1.586       1.938

 SX5      BY
    LX5             -1.005      -0.653      -0.473       0.466       1.406       1.586       1.938

 TRAITY   BY
    LY1              0.290       0.346       0.375       0.525       0.676       0.704       0.761
    LY2              0.290       0.346       0.375       0.525       0.676       0.704       0.761
    LY3              0.290       0.346       0.375       0.525       0.676       0.704       0.761
    LY4              0.290       0.346       0.375       0.525       0.676       0.704       0.761
    LY5              0.290       0.346       0.375       0.525       0.676       0.704       0.761

 ARY1     BY
    LY1              0.533       0.557       0.569       0.632       0.695       0.707       0.731

 ARY2     BY
    LY2              0.533       0.557       0.569       0.632       0.695       0.707       0.731

 ARY3     BY
    LY3              0.533       0.557       0.569       0.632       0.695       0.707       0.731

 ARY4     BY
    LY4              0.533       0.557       0.569       0.632       0.695       0.707       0.731

 ARY5     BY
    LY5              0.533       0.557       0.569       0.632       0.695       0.707       0.731

 SY1      BY
    LY1              0.386       0.430       0.452       0.570       0.688       0.710       0.754

 SY2      BY
    LY2              0.386       0.430       0.452       0.570       0.688       0.710       0.754

 SY3      BY
    LY3              0.386       0.430       0.452       0.570       0.688       0.710       0.754

 SY4      BY
    LY4              0.386       0.430       0.452       0.570       0.688       0.710       0.754

 SY5      BY
    LY5              0.386       0.430       0.452       0.570       0.688       0.710       0.754

 ARX2     ON
    ARX1            -0.934      -0.650      -0.505       0.253       1.012       1.157       1.441
    ARY1            -0.162      -0.076      -0.031       0.200       0.431       0.475       0.561

 ARX3     ON
    ARX2            -0.934      -0.650      -0.505       0.253       1.012       1.157       1.441
    ARY2            -0.162      -0.076      -0.031       0.200       0.431       0.475       0.561

 ARX4     ON
    ARX3            -0.934      -0.650      -0.505       0.253       1.012       1.157       1.441
    ARY3            -0.162      -0.076      -0.031       0.200       0.431       0.475       0.561

 ARX5     ON
    ARX4            -0.934      -0.650      -0.505       0.253       1.012       1.157       1.441
    ARY4            -0.162      -0.076      -0.031       0.200       0.431       0.475       0.561

 ARY2     ON
    ARY1            -0.264      -0.070       0.028       0.545       1.061       1.160       1.353
    ARX1            -0.367      -0.244      -0.182       0.145       0.472       0.534       0.657

 ARY3     ON
    ARY2            -0.264      -0.070       0.028       0.545       1.061       1.160       1.353
    ARX2            -0.367      -0.244      -0.182       0.145       0.472       0.534       0.657

 ARY4     ON
    ARY3            -0.264      -0.070       0.028       0.545       1.061       1.160       1.353
    ARX3            -0.367      -0.244      -0.182       0.145       0.472       0.534       0.657

 ARY5     ON
    ARY4            -0.264      -0.070       0.028       0.545       1.061       1.160       1.353
    ARX4            -0.367      -0.244      -0.182       0.145       0.472       0.534       0.657

 TRAITX   WITH
    TRAITY           0.239       0.286       0.310       0.436       0.562       0.586       0.634

 ARX1     WITH
    ARY1            -0.180      -0.027       0.051       0.460       0.869       0.948       1.101

 ARX2     WITH
    ARY2            -0.114      -0.008       0.047       0.331       0.615       0.669       0.776

 ARX3     WITH
    ARY3            -0.114      -0.008       0.047       0.331       0.615       0.669       0.776

 ARX4     WITH
    ARY4            -0.114      -0.008       0.047       0.331       0.615       0.669       0.776

 ARX5     WITH
    ARY5            -0.114      -0.008       0.047       0.331       0.615       0.669       0.776

 SX1      WITH
    SY1              0.000       0.000       0.000       0.000       0.000       0.000       0.000

 SX2      WITH
    SY2              0.000       0.000       0.000       0.000       0.000       0.000       0.000

 SX3      WITH
    SY3              0.000       0.000       0.000       0.000       0.000       0.000       0.000

 SX4      WITH
    SY4              0.000       0.000       0.000       0.000       0.000       0.000       0.000

 SX5      WITH
    SY5              0.000       0.000       0.000       0.000       0.000       0.000       0.000

 Intercepts
    X_1             -0.120      -0.100      -0.090      -0.038       0.014       0.024       0.043
    X_2             -0.126      -0.107      -0.097      -0.045       0.007       0.017       0.037
    X_3             -0.079      -0.060      -0.050       0.002       0.054       0.064       0.084
    X_4             -0.094      -0.075      -0.065      -0.013       0.039       0.049       0.069
    X_5             -0.043      -0.024      -0.014       0.038       0.090       0.100       0.120
    Y_1             -0.108      -0.088      -0.078      -0.026       0.026       0.036       0.055
    Y_2             -0.122      -0.103      -0.093      -0.041       0.011       0.021       0.041
    Y_3             -0.081      -0.062      -0.052       0.000       0.052       0.062       0.082
    Y_4             -0.099      -0.079      -0.069      -0.017       0.035       0.045       0.064
    Y_5             -0.079      -0.060      -0.050       0.002       0.054       0.064       0.084

 Variances
    TRAITX           1.000       1.000       1.000       1.000       1.000       1.000       1.000
    ARX1             1.000       1.000       1.000       1.000       1.000       1.000       1.000
    SX1              1.000       1.000       1.000       1.000       1.000       1.000       1.000
    SX2              1.000       1.000       1.000       1.000       1.000       1.000       1.000
    SX3              1.000       1.000       1.000       1.000       1.000       1.000       1.000
    SX4              1.000       1.000       1.000       1.000       1.000       1.000       1.000
    SX5              1.000       1.000       1.000       1.000       1.000       1.000       1.000
    TRAITY           1.000       1.000       1.000       1.000       1.000       1.000       1.000
    ARY1             1.000       1.000       1.000       1.000       1.000       1.000       1.000
    SY1              1.000       1.000       1.000       1.000       1.000       1.000       1.000
    SY2              1.000       1.000       1.000       1.000       1.000       1.000       1.000
    SY3              1.000       1.000       1.000       1.000       1.000       1.000       1.000
    SY4              1.000       1.000       1.000       1.000       1.000       1.000       1.000
    SY5              1.000       1.000       1.000       1.000       1.000       1.000       1.000

 Residual Variances
    X_1            999.000     999.000     999.000       0.000     999.000     999.000     999.000
    X_2            999.000     999.000     999.000       0.000     999.000     999.000     999.000
    X_3            999.000     999.000     999.000       0.000     999.000     999.000     999.000
    X_4            999.000     999.000     999.000       0.000     999.000     999.000     999.000
    X_5            999.000     999.000     999.000       0.000     999.000     999.000     999.000
    Y_1            999.000     999.000     999.000       0.000     999.000     999.000     999.000
    Y_2            999.000     999.000     999.000       0.000     999.000     999.000     999.000
    Y_3            999.000     999.000     999.000       0.000     999.000     999.000     999.000
    Y_4            999.000     999.000     999.000       0.000     999.000     999.000     999.000
    Y_5            999.000     999.000     999.000       0.000     999.000     999.000     999.000
    LX1            999.000     999.000     999.000       0.000     999.000     999.000     999.000
    LX2            999.000     999.000     999.000       0.000     999.000     999.000     999.000
    LX3            999.000     999.000     999.000       0.000     999.000     999.000     999.000
    LX4            999.000     999.000     999.000       0.000     999.000     999.000     999.000
    LX5            999.000     999.000     999.000       0.000     999.000     999.000     999.000
    ARX2             0.158       0.323       0.408       0.849       1.291       1.375       1.541
    ARX3             0.158       0.323       0.408       0.849       1.291       1.375       1.541
    ARX4             0.158       0.323       0.408       0.849       1.291       1.375       1.541
    ARX5             0.158       0.323       0.408       0.849       1.291       1.375       1.541
    LY1            999.000     999.000     999.000       0.000     999.000     999.000     999.000
    LY2            999.000     999.000     999.000       0.000     999.000     999.000     999.000
    LY3            999.000     999.000     999.000       0.000     999.000     999.000     999.000
    LY4            999.000     999.000     999.000       0.000     999.000     999.000     999.000
    LY5            999.000     999.000     999.000       0.000     999.000     999.000     999.000
    ARY2             0.037       0.174       0.244       0.609       0.975       1.045       1.182
    ARY3             0.037       0.174       0.244       0.609       0.975       1.045       1.182
    ARY4             0.037       0.174       0.244       0.609       0.975       1.045       1.182
    ARY5             0.037       0.174       0.244       0.609       0.975       1.045       1.182


     Beginning Time:  20:08:07
        Ending Time:  20:08:08
       Elapsed Time:  00:00:01



MUTHEN & MUTHEN
3463 Stoner Ave.
Los Angeles, CA  90066

Tel: (310) 391-9971
Fax: (310) 391-8971
Web: www.StatModel.com
Support: Support@StatModel.com

Copyright (c) 1998-2014 Muthen & Muthen
